TN:
SF:/usr/include/c++/11/bits/char_traits.h
FN:106,_ZN9__gnu_cxx11char_traitsIcE2eqERKcS3_
FNDA:0,_ZN9__gnu_cxx11char_traitsIcE2eqERKcS3_
FN:167,_ZN9__gnu_cxx11char_traitsIcE6lengthEPKc
FNDA:0,_ZN9__gnu_cxx11char_traitsIcE6lengthEPKc
FN:393,_ZNSt11char_traitsIcE6lengthEPKc
FNDA:0,_ZNSt11char_traitsIcE6lengthEPKc
DA:106,0
DA:107,0
DA:167,0
DA:170,0
DA:171,0
DA:172,0
DA:173,0
DA:290,0
DA:393,0
DA:396,0
DA:397,0
DA:399,0
end_of_record
SF:/mnt/d/Study/VerificationTask3/include/bookshop/book.hpp
end_of_record
SF:/usr/include/c++/11/bits/basic_string.tcc
FN:206,_ZNSt7__cxx1112basic_stringIcSt11char_traitsIcESaIcEE12_M_constructIPcEEvT_S7_St20forward_iterator_tag
FNDA:0,_ZNSt7__cxx1112basic_stringIcSt11char_traitsIcESaIcEE12_M_constructIPcEEvT_S7_St20forward_iterator_tag
FN:206,_ZNSt7__cxx1112basic_stringIcSt11char_traitsIcESaIcEE12_M_constructIPKcEEvT_S8_St20forward_iterator_tag
FNDA:0,_ZNSt7__cxx1112basic_stringIcSt11char_traitsIcESaIcEE12_M_constructIPKcEEvT_S8_St20forward_iterator_tag
DA:206,0
DA:211,0
DA:212,0
DA:215,0
DA:217,0
DA:219,0
DA:220,0
DA:225,0
DA:226,0
DA:228,0
DA:229,0
DA:232,0
DA:233,0
DA:206,0
DA:211,0
DA:212,0
DA:215,0
DA:217,0
DA:219,0
DA:220,0
DA:225,0
DA:226,0
DA:228,0
DA:229,0
DA:232,0
DA:233,0
end_of_record
SF:/usr/include/c++/11/ext/new_allocator.h
FN:79,_ZN9__gnu_cxx13new_allocatorIcEC2Ev
FNDA:0,_ZN9__gnu_cxx13new_allocatorIcEC2Ev
FN:82,_ZN9__gnu_cxx13new_allocatorIcEC2ERKS1_
FNDA:0,_ZN9__gnu_cxx13new_allocatorIcEC2ERKS1_
FN:89,_ZN9__gnu_cxx13new_allocatorIcED2Ev
FNDA:0,_ZN9__gnu_cxx13new_allocatorIcED2Ev
DA:79,0
DA:82,0
DA:89,0
end_of_record
SF:/usr/include/c++/11/bits/alloc_traits.h
FN:562,_ZNSt16allocator_traitsISaIcEE37select_on_container_copy_constructionERKS0_
FNDA:0,_ZNSt16allocator_traitsISaIcEE37select_on_container_copy_constructionERKS0_
DA:562,0
DA:563,0
end_of_record
SF:/usr/include/c++/11/bits/stl_iterator_base_types.h
FN:238,_ZSt19__iterator_categoryIPcENSt15iterator_traitsIT_E17iterator_categoryERKS2_
FNDA:0,_ZSt19__iterator_categoryIPcENSt15iterator_traitsIT_E17iterator_categoryERKS2_
FN:238,_ZSt19__iterator_categoryIPKcENSt15iterator_traitsIT_E17iterator_categoryERKS3_
FNDA:0,_ZSt19__iterator_categoryIPKcENSt15iterator_traitsIT_E17iterator_categoryERKS3_
DA:238,0
DA:239,0
DA:238,0
DA:239,0
end_of_record
SF:/usr/include/c++/11/bits/move.h
FN:104,_ZSt4moveIRSaIcEEONSt16remove_referenceIT_E4typeEOS3_
FNDA:0,_ZSt4moveIRSaIcEEONSt16remove_referenceIT_E4typeEOS3_
DA:104,0
DA:105,0
end_of_record
SF:/usr/include/c++/11/bits/stl_iterator_base_funcs.h
FN:98,_ZSt10__distanceIPcENSt15iterator_traitsIT_E15difference_typeES2_S2_St26random_access_iterator_tag
FNDA:0,_ZSt10__distanceIPcENSt15iterator_traitsIT_E15difference_typeES2_S2_St26random_access_iterator_tag
FN:98,_ZSt10__distanceIPKcENSt15iterator_traitsIT_E15difference_typeES3_S3_St26random_access_iterator_tag
FNDA:0,_ZSt10__distanceIPKcENSt15iterator_traitsIT_E15difference_typeES3_S3_St26random_access_iterator_tag
FN:138,_ZSt8distanceIPcENSt15iterator_traitsIT_E15difference_typeES2_S2_
FNDA:0,_ZSt8distanceIPcENSt15iterator_traitsIT_E15difference_typeES2_S2_
FN:138,_ZSt8distanceIPKcENSt15iterator_traitsIT_E15difference_typeES3_S3_
FNDA:0,_ZSt8distanceIPKcENSt15iterator_traitsIT_E15difference_typeES3_S3_
DA:98,0
DA:104,0
DA:98,0
DA:104,0
DA:138,0
DA:141,0
DA:142,0
DA:138,0
DA:141,0
DA:142,0
end_of_record
SF:/mnt/d/Study/VerificationTask3/src/book.cpp
FN:8,_ZNK8bookshop4Book8getTitleB5cxx11Ev
FNDA:10,_ZNK8bookshop4Book8getTitleB5cxx11Ev
FN:11,_ZNK8bookshop4Book9getAuthorB5cxx11Ev
FNDA:10,_ZNK8bookshop4Book9getAuthorB5cxx11Ev
FN:14,_ZNK8bookshop4Book12getPublisherB5cxx11Ev
FNDA:10,_ZNK8bookshop4Book12getPublisherB5cxx11Ev
FN:17,_ZNK8bookshop4Book8getGenreB5cxx11Ev
FNDA:10,_ZNK8bookshop4Book8getGenreB5cxx11Ev
FN:20,_ZNK8bookshop4Book8getPriceEv
FNDA:10,_ZNK8bookshop4Book8getPriceEv
FN:23,_ZNK8bookshop4Book14getReleaseYearEv
FNDA:10,_ZNK8bookshop4Book14getReleaseYearEv
FN:26,_ZNK8bookshop4Book5getIdEv
FNDA:684,_ZNK8bookshop4Book5getIdEv
FN:30,_ZN8bookshop4Book8setTitleERKNSt7__cxx1112basic_stringIcSt11char_traitsIcESaIcEEE
FNDA:109,_ZN8bookshop4Book8setTitleERKNSt7__cxx1112basic_stringIcSt11char_traitsIcESaIcEEE
FN:33,_ZN8bookshop4Book9setAuthorERKNSt7__cxx1112basic_stringIcSt11char_traitsIcESaIcEEE
FNDA:109,_ZN8bookshop4Book9setAuthorERKNSt7__cxx1112basic_stringIcSt11char_traitsIcESaIcEEE
FN:36,_ZN8bookshop4Book12setPublisherERKNSt7__cxx1112basic_stringIcSt11char_traitsIcESaIcEEE
FNDA:109,_ZN8bookshop4Book12setPublisherERKNSt7__cxx1112basic_stringIcSt11char_traitsIcESaIcEEE
FN:39,_ZN8bookshop4Book8setGenreERKNSt7__cxx1112basic_stringIcSt11char_traitsIcESaIcEEE
FNDA:109,_ZN8bookshop4Book8setGenreERKNSt7__cxx1112basic_stringIcSt11char_traitsIcESaIcEEE
FN:42,_ZN8bookshop4Book8setPriceEm
FNDA:109,_ZN8bookshop4Book8setPriceEm
FN:45,_ZN8bookshop4Book14setReleaseYearEi
FNDA:109,_ZN8bookshop4Book14setReleaseYearEi
FN:48,_ZN8bookshop4Book6initIDEv
FNDA:109,_ZN8bookshop4Book6initIDEv
FN:53,_ZN8bookshop10createBookERKNSt7__cxx1112basic_stringIcSt11char_traitsIcESaIcEEES7_S7_S7_mi
FNDA:112,_ZN8bookshop10createBookERKNSt7__cxx1112basic_stringIcSt11char_traitsIcESaIcEEES7_S7_S7_mi
FN:76,_ZN8bookshop4Book12isBookExistsEm
FNDA:204,_ZN8bookshop4Book12isBookExistsEm
DA:8,10
DA:9,10
DA:11,10
DA:12,10
DA:14,10
DA:15,10
DA:17,10
DA:18,10
DA:20,10
DA:21,10
DA:23,10
DA:24,10
DA:26,684
DA:27,684
DA:30,109
DA:31,109
DA:32,109
DA:33,109
DA:34,109
DA:35,109
DA:36,109
DA:37,109
DA:38,109
DA:39,109
DA:40,109
DA:41,109
DA:42,109
DA:43,109
DA:44,109
DA:45,109
DA:46,109
DA:47,109
DA:48,109
DA:49,109
DA:50,109
DA:51,109
DA:53,112
DA:56,112
DA:58,112
DA:59,1
DA:61,111
DA:62,2
DA:64,109
DA:65,109
DA:66,109
DA:67,109
DA:68,109
DA:69,109
DA:71,109
DA:73,109
DA:74,0
DA:76,204
DA:77,204
DA:78,5
DA:79,199
end_of_record
SF:/usr/include/c++/11/bits/basic_string.h
FN:251,_ZNSt7__cxx1112basic_stringIcSt11char_traitsIcESaIcEE16_M_construct_auxIPcEEvT_S7_St12__false_type
FNDA:0,_ZNSt7__cxx1112basic_stringIcSt11char_traitsIcESaIcEE16_M_construct_auxIPcEEvT_S7_St12__false_type
FN:271,_ZNSt7__cxx1112basic_stringIcSt11char_traitsIcESaIcEE12_M_constructIPcEEvT_S7_
FNDA:0,_ZNSt7__cxx1112basic_stringIcSt11char_traitsIcESaIcEE12_M_constructIPcEEvT_S7_
FN:533,_ZNSt7__cxx1112basic_stringIcSt11char_traitsIcESaIcEEC2IS3_EEPKcRKS3_
FNDA:0,_ZNSt7__cxx1112basic_stringIcSt11char_traitsIcESaIcEEC2IS3_EEPKcRKS3_
DA:251,0
DA:255,0
DA:256,0
DA:271,0
DA:274,0
DA:275,0
DA:533,0
DA:534,0
DA:536,0
DA:539,0
DA:540,0
end_of_record
SF:/usr/include/c++/11/ext/type_traits.h
FN:152,_ZN9__gnu_cxx17__is_null_pointerIcEEbPT_
FNDA:0,_ZN9__gnu_cxx17__is_null_pointerIcEEbPT_
FN:152,_ZN9__gnu_cxx17__is_null_pointerIKcEEbPT_
FNDA:0,_ZN9__gnu_cxx17__is_null_pointerIKcEEbPT_
DA:152,0
DA:153,0
DA:152,0
DA:153,0
end_of_record
SF:/usr/include/c++/11/ext/alloc_traits.h
FN:97,_ZN9__gnu_cxx14__alloc_traitsISaIcEcE17_S_select_on_copyERKS1_
FNDA:0,_ZN9__gnu_cxx14__alloc_traitsISaIcEcE17_S_select_on_copyERKS1_
DA:97,0
DA:98,0
end_of_record
TN:
SF:/usr/include/c++/11/bits/stl_pair.h
FN:322,_ZNSt4pairIPSt18_Rb_tree_node_baseS1_EC2IRS1_Lb1EEEOT_RKS1_
FNDA:0,_ZNSt4pairIPSt18_Rb_tree_node_baseS1_EC2IRS1_Lb1EEEOT_RKS1_
FN:336,_ZNSt4pairIPSt18_Rb_tree_node_baseS1_EC2IRS1_Lb1EEERKS1_OT_
FNDA:38,_ZNSt4pairIPSt18_Rb_tree_node_baseS1_EC2IRS1_Lb1EEERKS1_OT_
FN:352,_ZNSt4pairIPSt18_Rb_tree_node_baseS1_EC2IRPSt13_Rb_tree_nodeIS_IKmmEERS1_Lb1EEEOT_OT0_
FNDA:6,_ZNSt4pairIPSt18_Rb_tree_node_baseS1_EC2IRPSt13_Rb_tree_nodeIS_IKmmEERS1_Lb1EEEOT_OT0_
FN:352,_ZNSt4pairIPSt18_Rb_tree_node_baseS1_EC2IRS1_S4_Lb1EEEOT_OT0_
FNDA:0,_ZNSt4pairIPSt18_Rb_tree_node_baseS1_EC2IRS1_S4_Lb1EEEOT_OT0_
DA:322,0
DA:323,0
DA:336,38
DA:337,38
DA:352,6
DA:353,6
DA:352,0
DA:353,0
end_of_record
SF:/usr/include/c++/11/bits/stl_uninitialized.h
FN:1006,_ZSt14__relocate_a_1IN8bookshop9BookOrderES1_ENSt9enable_ifIXsrSt24__is_bitwise_relocatableIT_vE5valueEPS4_E4typeES6_S6_S6_RSaIT0_E
FNDA:212,_ZSt14__relocate_a_1IN8bookshop9BookOrderES1_ENSt9enable_ifIXsrSt24__is_bitwise_relocatableIT_vE5valueEPS4_E4typeES6_S6_S6_RSaIT0_E
FN:1040,_ZSt12__relocate_aIPN8bookshop9BookOrderES2_SaIS1_EET0_T_S5_S4_RT1_
FNDA:212,_ZSt12__relocate_aIPN8bookshop9BookOrderES2_SaIS1_EET0_T_S5_S4_RT1_
DA:1006,212
DA:1009,212
DA:1010,212
DA:1011,14
DA:1012,212
DA:1040,212
DA:1046,212
DA:1048,212
end_of_record
SF:/usr/include/c++/11/bits/move.h
FN:77,_ZSt7forwardIRKmEOT_RNSt16remove_referenceIS2_E4typeE
FNDA:119,_ZSt7forwardIRKmEOT_RNSt16remove_referenceIS2_E4typeE
FN:77,_ZSt7forwardIRPSt13_Rb_tree_nodeISt4pairIKmmEEEOT_RNSt16remove_referenceIS7_E4typeE
FNDA:6,_ZSt7forwardIRPSt13_Rb_tree_nodeISt4pairIKmmEEEOT_RNSt16remove_referenceIS7_E4typeE
FN:77,_ZSt7forwardIRPSt18_Rb_tree_node_baseEOT_RNSt16remove_referenceIS3_E4typeE
FNDA:44,_ZSt7forwardIRPSt18_Rb_tree_node_baseEOT_RNSt16remove_referenceIS3_E4typeE
FN:77,_ZSt7forwardIN8bookshop9BookOrderEEOT_RNSt16remove_referenceIS2_E4typeE
FNDA:508,_ZSt7forwardIN8bookshop9BookOrderEEOT_RNSt16remove_referenceIS2_E4typeE
FN:77,_ZSt7forwardISt5tupleIJEEEOT_RNSt16remove_referenceIS2_E4typeE
FNDA:220,_ZSt7forwardISt5tupleIJEEEOT_RNSt16remove_referenceIS2_E4typeE
FN:77,_ZSt7forwardISt5tupleIJRKmEEEOT_RNSt16remove_referenceIS4_E4typeE
FNDA:595,_ZSt7forwardISt5tupleIJRKmEEEOT_RNSt16remove_referenceIS4_E4typeE
FN:77,_ZSt7forwardIRKSt21piecewise_construct_tEOT_RNSt16remove_referenceIS3_E4typeE
FNDA:220,_ZSt7forwardIRKSt21piecewise_construct_tEOT_RNSt16remove_referenceIS3_E4typeE
FN:104,_ZSt4moveIRN8bookshop9BookOrderEEONSt16remove_referenceIT_E4typeEOS4_
FNDA:134,_ZSt4moveIRN8bookshop9BookOrderEEONSt16remove_referenceIT_E4typeEOS4_
DA:77,119
DA:78,119
DA:77,6
DA:78,6
DA:77,44
DA:78,44
DA:77,508
DA:78,508
DA:77,220
DA:78,220
DA:77,595
DA:78,595
DA:77,220
DA:78,220
DA:104,134
DA:105,134
end_of_record
SF:/usr/include/c++/11/bits/allocator.h
FN:156,_ZNSaIN8bookshop9BookOrderEEC2Ev
FNDA:100,_ZNSaIN8bookshop9BookOrderEEC2Ev
FN:156,_ZNSaISt13_Rb_tree_nodeISt4pairIKmmEEEC2Ev
FNDA:166,_ZNSaISt13_Rb_tree_nodeISt4pairIKmmEEEC2Ev
FN:174,_ZNSaIN8bookshop9BookOrderEED2Ev
FNDA:0,_ZNSaIN8bookshop9BookOrderEED2Ev
DA:156,100
DA:156,166
DA:174,0
end_of_record
SF:/usr/include/c++/11/bits/stl_algobase.h
FN:230,_ZSt3minImERKT_S2_S2_
FNDA:375,_ZSt3minImERKT_S2_S2_
FN:254,_ZSt3maxImERKT_S2_S2_
FNDA:175,_ZSt3maxImERKT_S2_S2_
FN:313,_ZSt12__niter_baseIPN8bookshop9BookOrderEET_S3_
FNDA:636,_ZSt12__niter_baseIPN8bookshop9BookOrderEET_S3_
DA:230,375
DA:235,375
DA:236,1
DA:237,374
DA:254,175
DA:259,175
DA:260,119
DA:261,56
DA:313,636
DA:315,636
end_of_record
SF:/usr/include/c++/11/bits/vector.tcc
FN:109,_ZNSt6vectorIN8bookshop9BookOrderESaIS1_EE12emplace_backIJS1_EEERS1_DpOT_
FNDA:134,_ZNSt6vectorIN8bookshop9BookOrderESaIS1_EE12emplace_backIJS1_EEERS1_DpOT_
FN:426,_ZNSt6vectorIN8bookshop9BookOrderESaIS1_EE17_M_realloc_insertIJS1_EEEvN9__gnu_cxx17__normal_iteratorIPS1_S3_EEDpOT_
FNDA:106,_ZNSt6vectorIN8bookshop9BookOrderESaIS1_EE17_M_realloc_insertIJS1_EEEvN9__gnu_cxx17__normal_iteratorIPS1_S3_EEDpOT_
DA:109,134
DA:112,134
DA:115,28
DA:117,28
DA:121,106
DA:123,134
DA:426,106
DA:436,106
DA:437,106
DA:438,106
DA:439,106
DA:440,106
DA:441,106
DA:449,106
DA:450,106
DA:456,106
DA:461,106
DA:462,106
DA:464,106
DA:466,106
DA:467,106
DA:500,106
DA:501,106
DA:502,106
DA:503,106
DA:504,106
DA:505,106
end_of_record
SF:/usr/include/c++/11/bits/stl_map.h
FN:185,_ZNSt3mapImmSt4lessImESaISt4pairIKmmEEEC2Ev
FNDA:166,_ZNSt3mapImmSt4lessImESaISt4pairIKmmEEEC2Ev
FN:356,_ZNSt3mapImmSt4lessImESaISt4pairIKmmEEE5beginEv
FNDA:17,_ZNSt3mapImmSt4lessImESaISt4pairIKmmEEE5beginEv
FN:374,_ZNSt3mapImmSt4lessImESaISt4pairIKmmEEE3endEv
FNDA:110,_ZNSt3mapImmSt4lessImESaISt4pairIKmmEEE3endEv
FN:492,_ZNSt3mapImmSt4lessImESaISt4pairIKmmEEEixERS3_
FNDA:145,_ZNSt3mapImmSt4lessImESaISt4pairIKmmEEEixERS3_
FN:1142,_ZNKSt3mapImmSt4lessImESaISt4pairIKmmEEE8key_compEv
FNDA:49,_ZNKSt3mapImmSt4lessImESaISt4pairIKmmEEE8key_compEv
FN:1258,_ZNSt3mapImmSt4lessImESaISt4pairIKmmEEE11lower_boundERS3_
FNDA:93,_ZNSt3mapImmSt4lessImESaISt4pairIKmmEEE11lower_boundERS3_
DA:185,166
DA:356,17
DA:357,17
DA:374,110
DA:375,110
DA:492,145
DA:497,145
DA:499,145
DA:501,96
DA:502,96
DA:503,96
DA:507,145
DA:1142,49
DA:1143,49
DA:1258,93
DA:1259,93
end_of_record
SF:/usr/include/c++/11/tuple
FN:192,_ZNSt10_Head_baseILm0ERKmLb0EEC2ES1_
FNDA:119,_ZNSt10_Head_baseILm0ERKmLb0EEC2ES1_
FN:233,_ZNSt10_Head_baseILm0ERKmLb0EE7_M_headERS2_
FNDA:119,_ZNSt10_Head_baseILm0ERKmLb0EE7_M_headERS2_
FN:424,_ZNSt11_Tuple_implILm0EJRKmEE7_M_headERS2_
FNDA:119,_ZNSt11_Tuple_implILm0EJRKmEE7_M_headERS2_
FN:434,_ZNSt11_Tuple_implILm0EJRKmEEC2ES1_
FNDA:119,_ZNSt11_Tuple_implILm0EJRKmEEC2ES1_
FN:454,_ZNSt11_Tuple_implILm0EJRKmEEC2EOS2_
FNDA:119,_ZNSt11_Tuple_implILm0EJRKmEEC2EOS2_
FN:727,_ZNSt5tupleIJRKmEEC2ILb1ELb1EEES1_
FNDA:119,_ZNSt5tupleIJRKmEEC2ILb1ELb1EEES1_
FN:756,_ZNSt5tupleIJRKmEEC2EOS2_
FNDA:119,_ZNSt5tupleIJRKmEEC2EOS2_
FN:1377,_ZSt12__get_helperILm0ERKmJEERT0_RSt11_Tuple_implIXT_EJS2_DpT1_EE
FNDA:119,_ZSt12__get_helperILm0ERKmJEERT0_RSt11_Tuple_implIXT_EJS2_DpT1_EE
FN:1393,_ZSt3getILm0EJRKmEERNSt13tuple_elementIXT_ESt5tupleIJDpT0_EEE4typeERS6_
FNDA:119,_ZSt3getILm0EJRKmEERNSt13tuple_elementIXT_ESt5tupleIJDpT0_EEE4typeERS6_
FN:1804,_ZNSt4pairIKmmEC2IJRS0_EJEEESt21piecewise_construct_tSt5tupleIJDpT_EES5_IJDpT0_EE
FNDA:96,_ZNSt4pairIKmmEC2IJRS0_EJEEESt21piecewise_construct_tSt5tupleIJDpT_EES5_IJDpT0_EE
FN:1816,_ZNSt4pairIKmmEC2IJRS0_EJLm0EEJEJEEERSt5tupleIJDpT_EERS4_IJDpT1_EESt12_Index_tupleIJXspT0_EEESD_IJXspT2_EEE
FNDA:96,_ZNSt4pairIKmmEC2IJRS0_EJLm0EEJEJEEERSt5tupleIJDpT_EERS4_IJDpT1_EESt12_Index_tupleIJXspT0_EEESD_IJXspT2_EEE
DA:192,119
DA:193,119
DA:233,119
DA:424,119
DA:434,119
DA:435,119
DA:436,119
DA:454,119
DA:456,119
DA:457,119
DA:727,119
DA:729,119
DA:756,119
DA:1377,119
DA:1378,119
DA:1393,119
DA:1394,119
DA:1804,96
DA:1809,96
DA:1810,96
DA:1816,96
DA:1819,96
DA:1820,96
DA:1821,96
end_of_record
SF:/usr/include/c++/11/ext/aligned_buffer.h
FN:64,_ZN9__gnu_cxx16__aligned_membufISt4pairIKmmEE7_M_addrEv
FNDA:0,_ZN9__gnu_cxx16__aligned_membufISt4pairIKmmEE7_M_addrEv
FN:68,_ZNK9__gnu_cxx16__aligned_membufISt4pairIKmmEE7_M_addrEv
FNDA:373,_ZNK9__gnu_cxx16__aligned_membufISt4pairIKmmEE7_M_addrEv
FN:72,_ZN9__gnu_cxx16__aligned_membufISt4pairIKmmEE6_M_ptrEv
FNDA:0,_ZN9__gnu_cxx16__aligned_membufISt4pairIKmmEE6_M_ptrEv
FN:76,_ZNK9__gnu_cxx16__aligned_membufISt4pairIKmmEE6_M_ptrEv
FNDA:373,_ZNK9__gnu_cxx16__aligned_membufISt4pairIKmmEE6_M_ptrEv
DA:64,0
DA:65,0
DA:68,373
DA:69,373
DA:72,0
DA:73,0
DA:76,373
DA:77,373
end_of_record
SF:/usr/include/c++/11/bits/stl_function.h
FN:399,_ZNKSt4lessImEclERKmS2_
FNDA:340,_ZNKSt4lessImEclERKmS2_
FN:1174,_ZNKSt10_Select1stISt4pairIKmmEEclERKS2_
FNDA:373,_ZNKSt10_Select1stISt4pairIKmmEEclERKS2_
DA:399,340
DA:400,340
DA:1174,373
DA:1175,373
end_of_record
SF:/usr/include/c++/11/bits/stl_iterator.h
FN:1027,_ZN9__gnu_cxx17__normal_iteratorIPN8bookshop9BookOrderESt6vectorIS2_SaIS2_EEEC2ERKS3_
FNDA:412,_ZN9__gnu_cxx17__normal_iteratorIPN8bookshop9BookOrderESt6vectorIS2_SaIS2_EEEC2ERKS3_
FN:1042,_ZNK9__gnu_cxx17__normal_iteratorIPN8bookshop9BookOrderESt6vectorIS2_SaIS2_EEEdeEv
FNDA:123,_ZNK9__gnu_cxx17__normal_iteratorIPN8bookshop9BookOrderESt6vectorIS2_SaIS2_EEEdeEv
FN:1100,_ZNK9__gnu_cxx17__normal_iteratorIPN8bookshop9BookOrderESt6vectorIS2_SaIS2_EEEmiEl
FNDA:83,_ZNK9__gnu_cxx17__normal_iteratorIPN8bookshop9BookOrderESt6vectorIS2_SaIS2_EEEmiEl
FN:1105,_ZNK9__gnu_cxx17__normal_iteratorIPN8bookshop9BookOrderESt6vectorIS2_SaIS2_EEE4baseEv
FNDA:584,_ZNK9__gnu_cxx17__normal_iteratorIPN8bookshop9BookOrderESt6vectorIS2_SaIS2_EEE4baseEv
FN:1268,_ZN9__gnu_cxxmiIPN8bookshop9BookOrderESt6vectorIS2_SaIS2_EEEENS_17__normal_iteratorIT_T0_E15difference_typeERKSA_SD_
FNDA:106,_ZN9__gnu_cxxmiIPN8bookshop9BookOrderESt6vectorIS2_SaIS2_EEEENS_17__normal_iteratorIT_T0_E15difference_typeERKSA_SD_
DA:1027,412
DA:1028,412
DA:1042,123
DA:1043,123
DA:1100,83
DA:1101,83
DA:1105,584
DA:1106,584
DA:1268,106
DA:1271,106
end_of_record
SF:/usr/include/c++/11/bits/stl_tree.h
FN:146,_ZNSt20_Rb_tree_key_compareISt4lessImEEC2Ev
FNDA:238,_ZNSt20_Rb_tree_key_compareISt4lessImEEC2Ev
FN:173,_ZNSt15_Rb_tree_headerC2Ev
FNDA:12,_ZNSt15_Rb_tree_headerC2Ev
FN:206,_ZNSt15_Rb_tree_header8_M_resetEv
FNDA:12,_ZNSt15_Rb_tree_header8_M_resetEv
FN:234,_ZNSt13_Rb_tree_nodeISt4pairIKmmEE9_M_valptrEv
FNDA:0,_ZNSt13_Rb_tree_nodeISt4pairIKmmEE9_M_valptrEv
FN:238,_ZNKSt13_Rb_tree_nodeISt4pairIKmmEE9_M_valptrEv
FNDA:373,_ZNKSt13_Rb_tree_nodeISt4pairIKmmEE9_M_valptrEv
FN:273,_ZNSt17_Rb_tree_iteratorISt4pairIKmmEEC2EPSt18_Rb_tree_node_base
FNDA:320,_ZNSt17_Rb_tree_iteratorISt4pairIKmmEEC2EPSt18_Rb_tree_node_base
FN:277,_ZNKSt17_Rb_tree_iteratorISt4pairIKmmEEdeEv
FNDA:193,_ZNKSt17_Rb_tree_iteratorISt4pairIKmmEEdeEv
FN:285,_ZNSt17_Rb_tree_iteratorISt4pairIKmmEEppEv
FNDA:51,_ZNSt17_Rb_tree_iteratorISt4pairIKmmEEppEv
FN:300,_ZNSt17_Rb_tree_iteratorISt4pairIKmmEEmmEv
FNDA:0,_ZNSt17_Rb_tree_iteratorISt4pairIKmmEEmmEv
FN:315,_ZSteqRKSt17_Rb_tree_iteratorISt4pairIKmmEES5_
FNDA:99,_ZSteqRKSt17_Rb_tree_iteratorISt4pairIKmmEES5_
FN:320,_ZStneRKSt17_Rb_tree_iteratorISt4pairIKmmEES5_
FNDA:68,_ZStneRKSt17_Rb_tree_iteratorISt4pairIKmmEES5_
FN:350,_ZNSt23_Rb_tree_const_iteratorISt4pairIKmmEEC2ERKSt17_Rb_tree_iteratorIS2_E
FNDA:44,_ZNSt23_Rb_tree_const_iteratorISt4pairIKmmEEC2ERKSt17_Rb_tree_iteratorIS2_E
FN:354,_ZNKSt23_Rb_tree_const_iteratorISt4pairIKmmEE13_M_const_castEv
FNDA:44,_ZNKSt23_Rb_tree_const_iteratorISt4pairIKmmEE13_M_const_castEv
FN:547,_ZNSt8_Rb_treeImSt4pairIKmmESt10_Select1stIS2_ESt4lessImESaIS2_EE21_M_get_Node_allocatorEv
FNDA:0,_ZNSt8_Rb_treeImSt4pairIKmmESt10_Select1stIS2_ESt4lessImESaIS2_EE21_M_get_Node_allocatorEv
FN:560,_ZNSt8_Rb_treeImSt4pairIKmmESt10_Select1stIS2_ESt4lessImESaIS2_EE11_M_get_nodeEv
FNDA:44,_ZNSt8_Rb_treeImSt4pairIKmmESt10_Select1stIS2_ESt4lessImESaIS2_EE11_M_get_nodeEv
FN:564,_ZNSt8_Rb_treeImSt4pairIKmmESt10_Select1stIS2_ESt4lessImESaIS2_EE11_M_put_nodeEPSt13_Rb_tree_nodeIS2_E
FNDA:0,_ZNSt8_Rb_treeImSt4pairIKmmESt10_Select1stIS2_ESt4lessImESaIS2_EE11_M_put_nodeEPSt13_Rb_tree_nodeIS2_E
FN:590,_ZNSt8_Rb_treeImSt4pairIKmmESt10_Select1stIS2_ESt4lessImESaIS2_EE17_M_construct_nodeIJRKSt21piecewise_construct_tSt5tupleIJRS1_EESD_IJEEEEEvPSt13_Rb_tree_nodeIS2_EDpOT_
FNDA:96,_ZNSt8_Rb_treeImSt4pairIKmmESt10_Select1stIS2_ESt4lessImESaIS2_EE17_M_construct_nodeIJRKSt21piecewise_construct_tSt5tupleIJRS1_EESD_IJEEEEEvPSt13_Rb_tree_nodeIS2_EDpOT_
FN:609,_ZNSt8_Rb_treeImSt4pairIKmmESt10_Select1stIS2_ESt4lessImESaIS2_EE14_M_create_nodeIJRKSt21piecewise_construct_tSt5tupleIJRS1_EESD_IJEEEEEPSt13_Rb_tree_nodeIS2_EDpOT_
FNDA:96,_ZNSt8_Rb_treeImSt4pairIKmmESt10_Select1stIS2_ESt4lessImESaIS2_EE14_M_create_nodeIJRKSt21piecewise_construct_tSt5tupleIJRS1_EESD_IJEEEEEPSt13_Rb_tree_nodeIS2_EDpOT_
FN:618,_ZNSt8_Rb_treeImSt4pairIKmmESt10_Select1stIS2_ESt4lessImESaIS2_EE15_M_destroy_nodeEPSt13_Rb_tree_nodeIS2_E
FNDA:0,_ZNSt8_Rb_treeImSt4pairIKmmESt10_Select1stIS2_ESt4lessImESaIS2_EE15_M_destroy_nodeEPSt13_Rb_tree_nodeIS2_E
FN:629,_ZNSt8_Rb_treeImSt4pairIKmmESt10_Select1stIS2_ESt4lessImESaIS2_EE12_M_drop_nodeEPSt13_Rb_tree_nodeIS2_E
FNDA:0,_ZNSt8_Rb_treeImSt4pairIKmmESt10_Select1stIS2_ESt4lessImESaIS2_EE12_M_drop_nodeEPSt13_Rb_tree_nodeIS2_E
FN:667,_ZNSt8_Rb_treeImSt4pairIKmmESt10_Select1stIS2_ESt4lessImESaIS2_EE13_Rb_tree_implIS6_Lb1EEC2Ev
FNDA:166,_ZNSt8_Rb_treeImSt4pairIKmmESt10_Select1stIS2_ESt4lessImESaIS2_EE13_Rb_tree_implIS6_Lb1EEC2Ev
FN:718,_ZNSt8_Rb_treeImSt4pairIKmmESt10_Select1stIS2_ESt4lessImESaIS2_EE11_M_leftmostEv
FNDA:0,_ZNSt8_Rb_treeImSt4pairIKmmESt10_Select1stIS2_ESt4lessImESaIS2_EE11_M_leftmostEv
FN:726,_ZNSt8_Rb_treeImSt4pairIKmmESt10_Select1stIS2_ESt4lessImESaIS2_EE12_M_rightmostEv
FNDA:76,_ZNSt8_Rb_treeImSt4pairIKmmESt10_Select1stIS2_ESt4lessImESaIS2_EE12_M_rightmostEv
FN:734,_ZNKSt8_Rb_treeImSt4pairIKmmESt10_Select1stIS2_ESt4lessImESaIS2_EE9_M_mbeginEv
FNDA:0,_ZNKSt8_Rb_treeImSt4pairIKmmESt10_Select1stIS2_ESt4lessImESaIS2_EE9_M_mbeginEv
FN:738,_ZNSt8_Rb_treeImSt4pairIKmmESt10_Select1stIS2_ESt4lessImESaIS2_EE8_M_beginEv
FNDA:0,_ZNSt8_Rb_treeImSt4pairIKmmESt10_Select1stIS2_ESt4lessImESaIS2_EE8_M_beginEv
FN:749,_ZNSt8_Rb_treeImSt4pairIKmmESt10_Select1stIS2_ESt4lessImESaIS2_EE6_M_endEv
FNDA:187,_ZNSt8_Rb_treeImSt4pairIKmmESt10_Select1stIS2_ESt4lessImESaIS2_EE6_M_endEv
FN:757,_ZNSt8_Rb_treeImSt4pairIKmmESt10_Select1stIS2_ESt4lessImESaIS2_EE6_S_keyEPKSt13_Rb_tree_nodeIS2_E
FNDA:373,_ZNSt8_Rb_treeImSt4pairIKmmESt10_Select1stIS2_ESt4lessImESaIS2_EE6_S_keyEPKSt13_Rb_tree_nodeIS2_E
FN:779,_ZNSt8_Rb_treeImSt4pairIKmmESt10_Select1stIS2_ESt4lessImESaIS2_EE7_S_leftEPSt18_Rb_tree_node_base
FNDA:0,_ZNSt8_Rb_treeImSt4pairIKmmESt10_Select1stIS2_ESt4lessImESaIS2_EE7_S_leftEPSt18_Rb_tree_node_base
FN:787,_ZNSt8_Rb_treeImSt4pairIKmmESt10_Select1stIS2_ESt4lessImESaIS2_EE8_S_rightEPSt18_Rb_tree_node_base
FNDA:0,_ZNSt8_Rb_treeImSt4pairIKmmESt10_Select1stIS2_ESt4lessImESaIS2_EE8_S_rightEPSt18_Rb_tree_node_base
FN:795,_ZNSt8_Rb_treeImSt4pairIKmmESt10_Select1stIS2_ESt4lessImESaIS2_EE6_S_keyEPKSt18_Rb_tree_node_base
FNDA:76,_ZNSt8_Rb_treeImSt4pairIKmmESt10_Select1stIS2_ESt4lessImESaIS2_EE6_S_keyEPKSt18_Rb_tree_node_base
FN:928,_ZNSt8_Rb_treeImSt4pairIKmmESt10_Select1stIS2_ESt4lessImESaIS2_EEC2Ev
FNDA:166,_ZNSt8_Rb_treeImSt4pairIKmmESt10_Select1stIS2_ESt4lessImESaIS2_EEC2Ev
FN:991,_ZNKSt8_Rb_treeImSt4pairIKmmESt10_Select1stIS2_ESt4lessImESaIS2_EE8key_compEv
FNDA:49,_ZNKSt8_Rb_treeImSt4pairIKmmESt10_Select1stIS2_ESt4lessImESaIS2_EE8key_compEv
FN:995,_ZNSt8_Rb_treeImSt4pairIKmmESt10_Select1stIS2_ESt4lessImESaIS2_EE5beginEv
FNDA:23,_ZNSt8_Rb_treeImSt4pairIKmmESt10_Select1stIS2_ESt4lessImESaIS2_EE5beginEv
FN:1003,_ZNSt8_Rb_treeImSt4pairIKmmESt10_Select1stIS2_ESt4lessImESaIS2_EE3endEv
FNDA:110,_ZNSt8_Rb_treeImSt4pairIKmmESt10_Select1stIS2_ESt4lessImESaIS2_EE3endEv
FN:1031,_ZNKSt8_Rb_treeImSt4pairIKmmESt10_Select1stIS2_ESt4lessImESaIS2_EE4sizeEv
FNDA:44,_ZNKSt8_Rb_treeImSt4pairIKmmESt10_Select1stIS2_ESt4lessImESaIS2_EE4sizeEv
FN:1269,_ZNSt8_Rb_treeImSt4pairIKmmESt10_Select1stIS2_ESt4lessImESaIS2_EE11lower_boundERS1_
FNDA:93,_ZNSt8_Rb_treeImSt4pairIKmmESt10_Select1stIS2_ESt4lessImESaIS2_EE11lower_boundERS1_
FN:1900,_ZNSt8_Rb_treeImSt4pairIKmmESt10_Select1stIS2_ESt4lessImESaIS2_EE14_M_lower_boundEPSt13_Rb_tree_nodeIS2_EPSt18_Rb_tree_node_baseRS1_
FNDA:93,_ZNSt8_Rb_treeImSt4pairIKmmESt10_Select1stIS2_ESt4lessImESaIS2_EE14_M_lower_boundEPSt13_Rb_tree_nodeIS2_EPSt18_Rb_tree_node_baseRS1_
FN:2061,_ZNSt8_Rb_treeImSt4pairIKmmESt10_Select1stIS2_ESt4lessImESaIS2_EE24_M_get_insert_unique_posERS1_
FNDA:6,_ZNSt8_Rb_treeImSt4pairIKmmESt10_Select1stIS2_ESt4lessImESaIS2_EE24_M_get_insert_unique_posERS1_
FN:2163,_ZNSt8_Rb_treeImSt4pairIKmmESt10_Select1stIS2_ESt4lessImESaIS2_EE29_M_get_insert_hint_unique_posESt23_Rb_tree_const_iteratorIS2_ERS1_
FNDA:44,_ZNSt8_Rb_treeImSt4pairIKmmESt10_Select1stIS2_ESt4lessImESaIS2_EE29_M_get_insert_hint_unique_posESt23_Rb_tree_const_iteratorIS2_ERS1_
FN:2330,_ZNSt8_Rb_treeImSt4pairIKmmESt10_Select1stIS2_ESt4lessImESaIS2_EE14_M_insert_nodeEPSt18_Rb_tree_node_baseSA_PSt13_Rb_tree_nodeIS2_E
FNDA:44,_ZNSt8_Rb_treeImSt4pairIKmmESt10_Select1stIS2_ESt4lessImESaIS2_EE14_M_insert_nodeEPSt18_Rb_tree_node_baseSA_PSt13_Rb_tree_nodeIS2_E
FN:2428,_ZNSt8_Rb_treeImSt4pairIKmmESt10_Select1stIS2_ESt4lessImESaIS2_EE22_M_emplace_hint_uniqueIJRKSt21piecewise_construct_tSt5tupleIJRS1_EESD_IJEEEEESt17_Rb_tree_iteratorIS2_ESt23_Rb_tree_const_iteratorIS2_EDpOT_
FNDA:96,_ZNSt8_Rb_treeImSt4pairIKmmESt10_Select1stIS2_ESt4lessImESaIS2_EE22_M_emplace_hint_uniqueIJRKSt21piecewise_construct_tSt5tupleIJRS1_EESD_IJEEEEESt17_Rb_tree_iteratorIS2_ESt23_Rb_tree_const_iteratorIS2_EDpOT_
DA:146,238
DA:150,238
DA:173,12
DA:174,12
DA:175,12
DA:176,12
DA:177,12
DA:206,12
DA:208,12
DA:209,12
DA:210,12
DA:211,12
DA:212,12
DA:234,0
DA:235,0
DA:238,373
DA:239,373
DA:273,320
DA:274,320
DA:277,193
DA:278,193
DA:285,51
DA:287,51
DA:288,51
DA:300,0
DA:302,0
DA:303,0
DA:315,99
DA:316,99
DA:320,68
DA:321,68
DA:350,44
DA:351,44
DA:354,44
DA:355,44
DA:547,0
DA:548,0
DA:560,44
DA:561,44
DA:564,0
DA:565,0
DA:590,96
DA:594,96
DA:595,96
DA:599,0
DA:601,0
DA:602,0
DA:603,0
DA:605,96
DA:609,96
DA:611,96
DA:612,96
DA:613,96
DA:618,0
DA:623,0
DA:624,0
DA:626,0
DA:629,0
DA:631,0
DA:632,0
DA:633,0
DA:667,166
DA:671,166
DA:672,166
DA:718,0
DA:719,0
DA:726,76
DA:727,76
DA:734,0
DA:735,0
DA:738,0
DA:739,0
DA:749,187
DA:750,187
DA:757,373
DA:775,373
DA:779,0
DA:780,0
DA:787,0
DA:788,0
DA:795,76
DA:796,76
DA:928,166
DA:991,49
DA:992,49
DA:995,23
DA:996,23
DA:1003,110
DA:1004,110
DA:1031,44
DA:1032,44
DA:1269,93
DA:1270,93
DA:1900,93
DA:1904,308
DA:1905,215
DA:1906,49
DA:1908,166
DA:1909,93
DA:2061,6
DA:2065,6
DA:2066,6
DA:2067,6
DA:2068,6
DA:2070,0
DA:2071,0
DA:2072,0
DA:2074,6
DA:2075,6
DA:2077,6
DA:2078,6
DA:2080,0
DA:2082,0
DA:2083,0
DA:2084,0
DA:2163,44
DA:2167,44
DA:2171,44
DA:2173,44
DA:2174,44
DA:2175,38
DA:2177,6
DA:2179,0
DA:2182,0
DA:2183,0
DA:2184,0
DA:2185,0
DA:2187,0
DA:2188,0
DA:2190,0
DA:2193,0
DA:2195,0
DA:2198,0
DA:2199,0
DA:2200,0
DA:2201,0
DA:2203,0
DA:2204,0
DA:2206,0
DA:2209,0
DA:2213,0
DA:2330,44
DA:2333,44
DA:2334,88
DA:2337,44
DA:2338,44
DA:2339,44
DA:2340,44
DA:2428,96
DA:2431,96
DA:2435,96
DA:2437,96
DA:2438,96
DA:2440,0
DA:2441,0
DA:2443,0
DA:2445,0
DA:2446,0
end_of_record
SF:/usr/include/c++/11/bits/stl_construct.h
FN:172,_ZNSt12_Destroy_auxILb1EE9__destroyIPN8bookshop9BookOrderEEEvT_S5_
FNDA:0,_ZNSt12_Destroy_auxILb1EE9__destroyIPN8bookshop9BookOrderEEEvT_S5_
FN:182,_ZSt8_DestroyIPN8bookshop9BookOrderEEvT_S3_
FNDA:0,_ZSt8_DestroyIPN8bookshop9BookOrderEEvT_S3_
DA:172,0
DA:182,0
DA:196,0
DA:197,0
end_of_record
SF:/usr/include/c++/11/bits/alloc_traits.h
FN:463,_ZNSt16allocator_traitsISaIN8bookshop9BookOrderEEE8allocateERS2_m
FNDA:106,_ZNSt16allocator_traitsISaIN8bookshop9BookOrderEEE8allocateERS2_m
FN:463,_ZNSt16allocator_traitsISaISt13_Rb_tree_nodeISt4pairIKmmEEEE8allocateERS5_m
FNDA:44,_ZNSt16allocator_traitsISaISt13_Rb_tree_nodeISt4pairIKmmEEEE8allocateERS5_m
FN:495,_ZNSt16allocator_traitsISaISt13_Rb_tree_nodeISt4pairIKmmEEEE10deallocateERS5_PS4_m
FNDA:0,_ZNSt16allocator_traitsISaISt13_Rb_tree_nodeISt4pairIKmmEEEE10deallocateERS5_PS4_m
FN:495,_ZNSt16allocator_traitsISaIN8bookshop9BookOrderEEE10deallocateERS2_PS1_m
FNDA:0,_ZNSt16allocator_traitsISaIN8bookshop9BookOrderEEE10deallocateERS2_PS1_m
FN:511,_ZNSt16allocator_traitsISaISt13_Rb_tree_nodeISt4pairIKmmEEEE9constructIS3_JRKSt21piecewise_construct_tSt5tupleIJRS2_EESB_IJEEEEEvRS5_PT_DpOT0_
FNDA:96,_ZNSt16allocator_traitsISaISt13_Rb_tree_nodeISt4pairIKmmEEEE9constructIS3_JRKSt21piecewise_construct_tSt5tupleIJRS2_EESB_IJEEEEEvRS5_PT_DpOT0_
FN:511,_ZNSt16allocator_traitsISaIN8bookshop9BookOrderEEE9constructIS1_JS1_EEEvRS2_PT_DpOT0_
FNDA:134,_ZNSt16allocator_traitsISaIN8bookshop9BookOrderEEE9constructIS1_JS1_EEEvRS2_PT_DpOT0_
FN:531,_ZNSt16allocator_traitsISaISt13_Rb_tree_nodeISt4pairIKmmEEEE7destroyIS3_EEvRS5_PT_
FNDA:0,_ZNSt16allocator_traitsISaISt13_Rb_tree_nodeISt4pairIKmmEEEE7destroyIS3_EEvRS5_PT_
FN:547,_ZNSt16allocator_traitsISaIN8bookshop9BookOrderEEE8max_sizeERKS2_
FNDA:212,_ZNSt16allocator_traitsISaIN8bookshop9BookOrderEEE8max_sizeERKS2_
FN:845,_ZSt8_DestroyIPN8bookshop9BookOrderES1_EvT_S3_RSaIT0_E
FNDA:0,_ZSt8_DestroyIPN8bookshop9BookOrderES1_EvT_S3_RSaIT0_E
DA:463,106
DA:464,106
DA:463,44
DA:464,44
DA:495,0
DA:496,0
DA:495,0
DA:496,0
DA:511,96
DA:516,96
DA:520,96
DA:511,134
DA:516,134
DA:520,134
DA:531,0
DA:535,0
DA:539,0
DA:547,212
DA:550,212
DA:845,0
DA:848,0
DA:849,0
end_of_record
SF:/usr/include/c++/11/bits/stl_vector.h
FN:97,_ZNSt12_Vector_baseIN8bookshop9BookOrderESaIS1_EE17_Vector_impl_dataC2Ev
FNDA:100,_ZNSt12_Vector_baseIN8bookshop9BookOrderESaIS1_EE17_Vector_impl_dataC2Ev
FN:131,_ZNSt12_Vector_baseIN8bookshop9BookOrderESaIS1_EE12_Vector_implC2Ev
FNDA:100,_ZNSt12_Vector_baseIN8bookshop9BookOrderESaIS1_EE12_Vector_implC2Ev
FN:276,_ZNSt12_Vector_baseIN8bookshop9BookOrderESaIS1_EE19_M_get_Tp_allocatorEv
FNDA:0,_ZNSt12_Vector_baseIN8bookshop9BookOrderESaIS1_EE19_M_get_Tp_allocatorEv
FN:280,_ZNKSt12_Vector_baseIN8bookshop9BookOrderESaIS1_EE19_M_get_Tp_allocatorEv
FNDA:212,_ZNKSt12_Vector_baseIN8bookshop9BookOrderESaIS1_EE19_M_get_Tp_allocatorEv
FN:288,_ZNSt12_Vector_baseIN8bookshop9BookOrderESaIS1_EEC2Ev
FNDA:100,_ZNSt12_Vector_baseIN8bookshop9BookOrderESaIS1_EEC2Ev
FN:333,_ZNSt12_Vector_baseIN8bookshop9BookOrderESaIS1_EED2Ev
FNDA:0,_ZNSt12_Vector_baseIN8bookshop9BookOrderESaIS1_EED2Ev
FN:343,_ZNSt12_Vector_baseIN8bookshop9BookOrderESaIS1_EE11_M_allocateEm
FNDA:106,_ZNSt12_Vector_baseIN8bookshop9BookOrderESaIS1_EE11_M_allocateEm
FN:350,_ZNSt12_Vector_baseIN8bookshop9BookOrderESaIS1_EE13_M_deallocateEPS1_m
FNDA:0,_ZNSt12_Vector_baseIN8bookshop9BookOrderESaIS1_EE13_M_deallocateEPS1_m
FN:453,_ZNSt6vectorIN8bookshop9BookOrderESaIS1_EE14_S_do_relocateEPS1_S4_S4_RS2_St17integral_constantIbLb1EE
FNDA:212,_ZNSt6vectorIN8bookshop9BookOrderESaIS1_EE14_S_do_relocateEPS1_S4_S4_RS2_St17integral_constantIbLb1EE
FN:465,_ZNSt6vectorIN8bookshop9BookOrderESaIS1_EE11_S_relocateEPS1_S4_S4_RS2_
FNDA:212,_ZNSt6vectorIN8bookshop9BookOrderESaIS1_EE11_S_relocateEPS1_S4_S4_RS2_
FN:487,_ZNSt6vectorIN8bookshop9BookOrderESaIS1_EEC2Ev
FNDA:100,_ZNSt6vectorIN8bookshop9BookOrderESaIS1_EEC2Ev
FN:678,_ZNSt6vectorIN8bookshop9BookOrderESaIS1_EED2Ev
FNDA:0,_ZNSt6vectorIN8bookshop9BookOrderESaIS1_EED2Ev
FN:811,_ZNSt6vectorIN8bookshop9BookOrderESaIS1_EE5beginEv
FNDA:146,_ZNSt6vectorIN8bookshop9BookOrderESaIS1_EE5beginEv
FN:829,_ZNSt6vectorIN8bookshop9BookOrderESaIS1_EE3endEv
FNDA:206,_ZNSt6vectorIN8bookshop9BookOrderESaIS1_EE3endEv
FN:918,_ZNKSt6vectorIN8bookshop9BookOrderESaIS1_EE4sizeEv
FNDA:0,_ZNKSt6vectorIN8bookshop9BookOrderESaIS1_EE4sizeEv
FN:923,_ZNKSt6vectorIN8bookshop9BookOrderESaIS1_EE8max_sizeEv
FNDA:212,_ZNKSt6vectorIN8bookshop9BookOrderESaIS1_EE8max_sizeEv
FN:1143,_ZNSt6vectorIN8bookshop9BookOrderESaIS1_EE4backEv
FNDA:83,_ZNSt6vectorIN8bookshop9BookOrderESaIS1_EE4backEv
FN:1203,_ZNSt6vectorIN8bookshop9BookOrderESaIS1_EE9push_backEOS1_
FNDA:134,_ZNSt6vectorIN8bookshop9BookOrderESaIS1_EE9push_backEOS1_
FN:1756,_ZNKSt6vectorIN8bookshop9BookOrderESaIS1_EE12_M_check_lenEmPKc
FNDA:106,_ZNKSt6vectorIN8bookshop9BookOrderESaIS1_EE12_M_check_lenEmPKc
FN:1776,_ZNSt6vectorIN8bookshop9BookOrderESaIS1_EE11_S_max_sizeERKS2_
FNDA:212,_ZNSt6vectorIN8bookshop9BookOrderESaIS1_EE11_S_max_sizeERKS2_
DA:97,100
DA:98,100
DA:99,100
DA:131,100
DA:133,100
DA:134,100
DA:276,0
DA:277,0
DA:280,212
DA:281,212
DA:288,100
DA:333,0
DA:335,0
DA:336,0
DA:337,0
DA:343,106
DA:346,106
DA:350,0
DA:353,0
DA:354,0
DA:355,0
DA:453,212
DA:456,212
DA:465,212
DA:469,212
DA:487,100
DA:678,0
DA:680,0
DA:681,0
DA:683,0
DA:811,146
DA:812,146
DA:829,206
DA:830,206
DA:918,0
DA:919,0
DA:923,212
DA:924,212
DA:1143,83
DA:1146,83
DA:1203,134
DA:1204,134
DA:1756,106
DA:1758,106
DA:1759,0
DA:1761,106
DA:1762,106
DA:1776,212
DA:1781,212
DA:1783,212
DA:1784,212
end_of_record
SF:/usr/include/c++/11/ext/new_allocator.h
FN:79,_ZN9__gnu_cxx13new_allocatorIN8bookshop9BookOrderEEC2Ev
FNDA:100,_ZN9__gnu_cxx13new_allocatorIN8bookshop9BookOrderEEC2Ev
FN:79,_ZN9__gnu_cxx13new_allocatorISt13_Rb_tree_nodeISt4pairIKmmEEEC2Ev
FNDA:166,_ZN9__gnu_cxx13new_allocatorISt13_Rb_tree_nodeISt4pairIKmmEEEC2Ev
FN:89,_ZN9__gnu_cxx13new_allocatorIN8bookshop9BookOrderEED2Ev
FNDA:0,_ZN9__gnu_cxx13new_allocatorIN8bookshop9BookOrderEED2Ev
FN:103,_ZN9__gnu_cxx13new_allocatorIN8bookshop9BookOrderEE8allocateEmPKv
FNDA:106,_ZN9__gnu_cxx13new_allocatorIN8bookshop9BookOrderEE8allocateEmPKv
FN:103,_ZN9__gnu_cxx13new_allocatorISt13_Rb_tree_nodeISt4pairIKmmEEE8allocateEmPKv
FNDA:44,_ZN9__gnu_cxx13new_allocatorISt13_Rb_tree_nodeISt4pairIKmmEEE8allocateEmPKv
FN:132,_ZN9__gnu_cxx13new_allocatorISt13_Rb_tree_nodeISt4pairIKmmEEE10deallocateEPS5_m
FNDA:0,_ZN9__gnu_cxx13new_allocatorISt13_Rb_tree_nodeISt4pairIKmmEEE10deallocateEPS5_m
FN:132,_ZN9__gnu_cxx13new_allocatorIN8bookshop9BookOrderEE10deallocateEPS2_m
FNDA:0,_ZN9__gnu_cxx13new_allocatorIN8bookshop9BookOrderEE10deallocateEPS2_m
FN:154,_ZNK9__gnu_cxx13new_allocatorIN8bookshop9BookOrderEE8max_sizeEv
FNDA:212,_ZNK9__gnu_cxx13new_allocatorIN8bookshop9BookOrderEE8max_sizeEv
FN:160,_ZN9__gnu_cxx13new_allocatorISt13_Rb_tree_nodeISt4pairIKmmEEE9constructIS4_JRKSt21piecewise_construct_tSt5tupleIJRS3_EESB_IJEEEEEvPT_DpOT0_
FNDA:96,_ZN9__gnu_cxx13new_allocatorISt13_Rb_tree_nodeISt4pairIKmmEEE9constructIS4_JRKSt21piecewise_construct_tSt5tupleIJRS3_EESB_IJEEEEEvPT_DpOT0_
FN:160,_ZN9__gnu_cxx13new_allocatorIN8bookshop9BookOrderEE9constructIS2_JS2_EEEvPT_DpOT0_
FNDA:134,_ZN9__gnu_cxx13new_allocatorIN8bookshop9BookOrderEE9constructIS2_JS2_EEEvPT_DpOT0_
FN:166,_ZN9__gnu_cxx13new_allocatorISt13_Rb_tree_nodeISt4pairIKmmEEE7destroyIS4_EEvPT_
FNDA:0,_ZN9__gnu_cxx13new_allocatorISt13_Rb_tree_nodeISt4pairIKmmEEE7destroyIS4_EEvPT_
FN:197,_ZNK9__gnu_cxx13new_allocatorIN8bookshop9BookOrderEE11_M_max_sizeEv
FNDA:318,_ZNK9__gnu_cxx13new_allocatorIN8bookshop9BookOrderEE11_M_max_sizeEv
FN:197,_ZNK9__gnu_cxx13new_allocatorISt13_Rb_tree_nodeISt4pairIKmmEEE11_M_max_sizeEv
FNDA:44,_ZNK9__gnu_cxx13new_allocatorISt13_Rb_tree_nodeISt4pairIKmmEEE11_M_max_sizeEv
DA:79,100
DA:79,166
DA:89,0
DA:103,106
DA:111,106
DA:115,0
DA:116,0
DA:117,0
DA:127,106
DA:103,44
DA:111,44
DA:115,0
DA:116,0
DA:117,0
DA:127,44
DA:132,0
DA:145,0
DA:132,0
DA:145,0
DA:154,212
DA:155,212
DA:160,96
DA:162,96
DA:160,134
DA:162,134
DA:166,0
DA:168,0
DA:197,318
DA:200,318
DA:197,44
DA:200,44
end_of_record
SF:/mnt/d/Study/VerificationTask3/src/cart.cpp
FN:3,_ZN8bookshop4CartC2Ev
FNDA:141,_ZN8bookshop4CartC2Ev
FN:5,_ZN8bookshop4Cart7addBookEmm
FNDA:149,_ZN8bookshop4Cart7addBookEmm
FN:15,_ZN8bookshop4Cart18getAllOrderedBooksEv
FNDA:100,_ZN8bookshop4Cart18getAllOrderedBooksEv
DA:3,141
DA:5,149
DA:6,149
DA:7,2
DA:8,147
DA:9,2
DA:12,145
DA:15,100
DA:16,100
DA:17,234
DA:18,134
DA:19,100
DA:20,0
end_of_record
SF:/usr/include/c++/11/new
FN:174,_ZnwmPv
FNDA:164,_ZnwmPv
FN:180,_ZdlPvS_
FNDA:0,_ZdlPvS_
DA:174,164
DA:175,164
DA:180,0
end_of_record
TN:
SF:/usr/include/c++/11/bits/basic_string.h
FN:251,_ZNSt7__cxx1112basic_stringIcSt11char_traitsIcESaIcEE16_M_construct_auxIPcEEvT_S7_St12__false_type
FNDA:0,_ZNSt7__cxx1112basic_stringIcSt11char_traitsIcESaIcEE16_M_construct_auxIPcEEvT_S7_St12__false_type
FN:271,_ZNSt7__cxx1112basic_stringIcSt11char_traitsIcESaIcEE12_M_constructIPcEEvT_S7_
FNDA:0,_ZNSt7__cxx1112basic_stringIcSt11char_traitsIcESaIcEE12_M_constructIPcEEvT_S7_
FN:533,_ZNSt7__cxx1112basic_stringIcSt11char_traitsIcESaIcEEC2IS3_EEPKcRKS3_
FNDA:0,_ZNSt7__cxx1112basic_stringIcSt11char_traitsIcESaIcEEC2IS3_EEPKcRKS3_
DA:251,0
DA:255,0
DA:256,0
DA:271,0
DA:274,0
DA:275,0
DA:533,0
DA:534,0
DA:536,0
DA:539,0
DA:540,0
end_of_record
SF:/usr/include/c++/11/bits/vector.tcc
FN:109,_ZNSt6vectorIN8bookshop9BooksPackESaIS1_EE12emplace_backIJS1_EEERS1_DpOT_
FNDA:7,_ZNSt6vectorIN8bookshop9BooksPackESaIS1_EE12emplace_backIJS1_EEERS1_DpOT_
FN:426,_ZNSt6vectorIN8bookshop9BooksPackESaIS1_EE17_M_realloc_insertIJS1_EEEvN9__gnu_cxx17__normal_iteratorIPS1_S3_EEDpOT_
FNDA:7,_ZNSt6vectorIN8bookshop9BooksPackESaIS1_EE17_M_realloc_insertIJS1_EEEvN9__gnu_cxx17__normal_iteratorIPS1_S3_EEDpOT_
DA:109,7
DA:112,7
DA:115,0
DA:117,0
DA:121,7
DA:123,7
DA:426,7
DA:436,7
DA:437,7
DA:438,7
DA:439,7
DA:440,7
DA:441,7
DA:449,7
DA:450,7
DA:456,7
DA:461,7
DA:462,7
DA:464,7
DA:466,7
DA:467,7
DA:500,7
DA:501,7
DA:502,7
DA:503,7
DA:504,7
DA:505,7
end_of_record
SF:/usr/include/c++/11/ext/alloc_traits.h
FN:97,_ZN9__gnu_cxx14__alloc_traitsISaISt13_Rb_tree_nodeISt4pairIKmmEEES5_E17_S_select_on_copyERKS6_
FNDA:0,_ZN9__gnu_cxx14__alloc_traitsISaISt13_Rb_tree_nodeISt4pairIKmmEEES5_E17_S_select_on_copyERKS6_
FN:97,_ZN9__gnu_cxx14__alloc_traitsISaIcEcE17_S_select_on_copyERKS1_
FNDA:0,_ZN9__gnu_cxx14__alloc_traitsISaIcEcE17_S_select_on_copyERKS1_
FN:103,_ZN9__gnu_cxx14__alloc_traitsISaISt13_Rb_tree_nodeISt4pairIKmmEEES5_E27_S_propagate_on_copy_assignEv
FNDA:71,_ZN9__gnu_cxx14__alloc_traitsISaISt13_Rb_tree_nodeISt4pairIKmmEEES5_E27_S_propagate_on_copy_assignEv
FN:112,_ZN9__gnu_cxx14__alloc_traitsISaISt13_Rb_tree_nodeISt4pairIKmmEEES5_E15_S_always_equalEv
FNDA:0,_ZN9__gnu_cxx14__alloc_traitsISaISt13_Rb_tree_nodeISt4pairIKmmEEES5_E15_S_always_equalEv
DA:97,0
DA:98,0
DA:97,0
DA:98,0
DA:103,71
DA:104,71
DA:112,0
DA:113,0
end_of_record
SF:/usr/include/c++/11/ext/type_traits.h
FN:152,_ZN9__gnu_cxx17__is_null_pointerIcEEbPT_
FNDA:0,_ZN9__gnu_cxx17__is_null_pointerIcEEbPT_
FN:152,_ZN9__gnu_cxx17__is_null_pointerIKcEEbPT_
FNDA:0,_ZN9__gnu_cxx17__is_null_pointerIKcEEbPT_
DA:152,0
DA:153,0
DA:152,0
DA:153,0
end_of_record
SF:/usr/include/c++/11/tuple
FN:192,_ZNSt10_Head_baseILm0ERKN8bookshop4BookELb0EEC2ES3_
FNDA:47,_ZNSt10_Head_baseILm0ERKN8bookshop4BookELb0EEC2ES3_
FN:192,_ZNSt10_Head_baseILm0ERKmLb0EEC2ES1_
FNDA:0,_ZNSt10_Head_baseILm0ERKmLb0EEC2ES1_
FN:199,_ZNSt10_Head_baseILm0EOmLb0EEC2ImEEOT_
FNDA:0,_ZNSt10_Head_baseILm0EOmLb0EEC2ImEEOT_
FN:233,_ZNSt10_Head_baseILm0EOmLb0EE7_M_headERS1_
FNDA:0,_ZNSt10_Head_baseILm0EOmLb0EE7_M_headERS1_
FN:233,_ZNSt10_Head_baseILm0ERKN8bookshop4BookELb0EE7_M_headERS4_
FNDA:47,_ZNSt10_Head_baseILm0ERKN8bookshop4BookELb0EE7_M_headERS4_
FN:233,_ZNSt10_Head_baseILm0ERKmLb0EE7_M_headERS2_
FNDA:0,_ZNSt10_Head_baseILm0ERKmLb0EE7_M_headERS2_
FN:424,_ZNSt11_Tuple_implILm0EJRKmEE7_M_headERS2_
FNDA:0,_ZNSt11_Tuple_implILm0EJRKmEE7_M_headERS2_
FN:424,_ZNSt11_Tuple_implILm0EJOmEE7_M_headERS1_
FNDA:0,_ZNSt11_Tuple_implILm0EJOmEE7_M_headERS1_
FN:424,_ZNSt11_Tuple_implILm0EJRKN8bookshop4BookEEE7_M_headERS4_
FNDA:47,_ZNSt11_Tuple_implILm0EJRKN8bookshop4BookEEE7_M_headERS4_
FN:434,_ZNSt11_Tuple_implILm0EJRKN8bookshop4BookEEEC2ES3_
FNDA:47,_ZNSt11_Tuple_implILm0EJRKN8bookshop4BookEEEC2ES3_
FN:434,_ZNSt11_Tuple_implILm0EJRKmEEC2ES1_
FNDA:0,_ZNSt11_Tuple_implILm0EJRKmEEC2ES1_
FN:440,_ZNSt11_Tuple_implILm0EJOmEEC2ImEEOT_
FNDA:0,_ZNSt11_Tuple_implILm0EJOmEEC2ImEEOT_
FN:454,_ZNSt11_Tuple_implILm0EJRKmEEC2EOS2_
FNDA:0,_ZNSt11_Tuple_implILm0EJRKmEEC2EOS2_
FN:454,_ZNSt11_Tuple_implILm0EJRKN8bookshop4BookEEEC2EOS4_
FNDA:47,_ZNSt11_Tuple_implILm0EJRKN8bookshop4BookEEEC2EOS4_
FN:454,_ZNSt11_Tuple_implILm0EJOmEEC2EOS1_
FNDA:0,_ZNSt11_Tuple_implILm0EJOmEEC2EOS1_
FN:727,_ZNSt5tupleIJRKN8bookshop4BookEEEC2ILb1ELb1EEES3_
FNDA:47,_ZNSt5tupleIJRKN8bookshop4BookEEEC2ILb1ELb1EEES3_
FN:727,_ZNSt5tupleIJRKmEEC2ILb1ELb1EEES1_
FNDA:0,_ZNSt5tupleIJRKmEEC2ILb1ELb1EEES1_
FN:742,_ZNSt5tupleIJOmEEC2IJmELb1ELb1EEEDpOT_
FNDA:0,_ZNSt5tupleIJOmEEC2IJmELb1ELb1EEEDpOT_
FN:756,_ZNSt5tupleIJOmEEC2EOS1_
FNDA:0,_ZNSt5tupleIJOmEEC2EOS1_
FN:756,_ZNSt5tupleIJRKN8bookshop4BookEEEC2EOS4_
FNDA:47,_ZNSt5tupleIJRKN8bookshop4BookEEEC2EOS4_
FN:756,_ZNSt5tupleIJRKmEEC2EOS2_
FNDA:0,_ZNSt5tupleIJRKmEEC2EOS2_
FN:1377,_ZSt12__get_helperILm0ERKmJEERT0_RSt11_Tuple_implIXT_EJS2_DpT1_EE
FNDA:0,_ZSt12__get_helperILm0ERKmJEERT0_RSt11_Tuple_implIXT_EJS2_DpT1_EE
FN:1377,_ZSt12__get_helperILm0ERKN8bookshop4BookEJEERT0_RSt11_Tuple_implIXT_EJS4_DpT1_EE
FNDA:47,_ZSt12__get_helperILm0ERKN8bookshop4BookEJEERT0_RSt11_Tuple_implIXT_EJS4_DpT1_EE
FN:1377,_ZSt12__get_helperILm0EOmJEERT0_RSt11_Tuple_implIXT_EJS1_DpT1_EE
FNDA:0,_ZSt12__get_helperILm0EOmJEERT0_RSt11_Tuple_implIXT_EJS1_DpT1_EE
FN:1393,_ZSt3getILm0EJRKN8bookshop4BookEEERNSt13tuple_elementIXT_ESt5tupleIJDpT0_EEE4typeERS8_
FNDA:47,_ZSt3getILm0EJRKN8bookshop4BookEEERNSt13tuple_elementIXT_ESt5tupleIJDpT0_EEE4typeERS8_
FN:1393,_ZSt3getILm0EJOmEERNSt13tuple_elementIXT_ESt5tupleIJDpT0_EEE4typeERS5_
FNDA:0,_ZSt3getILm0EJOmEERNSt13tuple_elementIXT_ESt5tupleIJDpT0_EEE4typeERS5_
FN:1393,_ZSt3getILm0EJRKmEERNSt13tuple_elementIXT_ESt5tupleIJDpT0_EEE4typeERS6_
FNDA:0,_ZSt3getILm0EJRKmEERNSt13tuple_elementIXT_ESt5tupleIJDpT0_EEE4typeERS6_
FN:1617,_ZSt16forward_as_tupleIJmEESt5tupleIJDpOT_EES3_
FNDA:0,_ZSt16forward_as_tupleIJmEESt5tupleIJDpOT_EES3_
FN:1804,_ZNSt4pairIKmN8bookshop4BookEEC2IJOmEJEEESt21piecewise_construct_tSt5tupleIJDpT_EES7_IJDpT0_EE
FNDA:47,_ZNSt4pairIKmN8bookshop4BookEEC2IJOmEJEEESt21piecewise_construct_tSt5tupleIJDpT_EES7_IJDpT0_EE
FN:1804,_ZNSt4pairIKN8bookshop4BookEmEC2IJRS2_EJEEESt21piecewise_construct_tSt5tupleIJDpT_EES7_IJDpT0_EE
FNDA:47,_ZNSt4pairIKN8bookshop4BookEmEC2IJRS2_EJEEESt21piecewise_construct_tSt5tupleIJDpT_EES7_IJDpT0_EE
FN:1804,_ZNSt4pairIKmmEC2IJOmEJEEESt21piecewise_construct_tSt5tupleIJDpT_EES5_IJDpT0_EE
FNDA:0,_ZNSt4pairIKmmEC2IJOmEJEEESt21piecewise_construct_tSt5tupleIJDpT_EES5_IJDpT0_EE
FN:1804,_ZNSt4pairIKmN8bookshop5OrderEEC2IJRS0_EJEEESt21piecewise_construct_tSt5tupleIJDpT_EES7_IJDpT0_EE
FNDA:23,_ZNSt4pairIKmN8bookshop5OrderEEC2IJRS0_EJEEESt21piecewise_construct_tSt5tupleIJDpT_EES7_IJDpT0_EE
FN:1804,_ZNSt4pairIKmN8bookshop4BookEEC2IJRS0_EJEEESt21piecewise_construct_tSt5tupleIJDpT_EES7_IJDpT0_EE
FNDA:0,_ZNSt4pairIKmN8bookshop4BookEEC2IJRS0_EJEEESt21piecewise_construct_tSt5tupleIJDpT_EES7_IJDpT0_EE
FN:1816,_ZNSt4pairIKN8bookshop4BookEmEC2IJRS2_EJLm0EEJEJEEERSt5tupleIJDpT_EERS6_IJDpT1_EESt12_Index_tupleIJXspT0_EEESF_IJXspT2_EEE
FNDA:47,_ZNSt4pairIKN8bookshop4BookEmEC2IJRS2_EJLm0EEJEJEEERSt5tupleIJDpT_EERS6_IJDpT1_EESt12_Index_tupleIJXspT0_EEESF_IJXspT2_EEE
FN:1816,_ZNSt4pairIKmmEC2IJOmEJLm0EEJEJEEERSt5tupleIJDpT_EERS4_IJDpT1_EESt12_Index_tupleIJXspT0_EEESD_IJXspT2_EEE
FNDA:0,_ZNSt4pairIKmmEC2IJOmEJLm0EEJEJEEERSt5tupleIJDpT_EERS4_IJDpT1_EESt12_Index_tupleIJXspT0_EEESD_IJXspT2_EEE
FN:1816,_ZNSt4pairIKmN8bookshop4BookEEC2IJOmEJLm0EEJEJEEERSt5tupleIJDpT_EERS6_IJDpT1_EESt12_Index_tupleIJXspT0_EEESF_IJXspT2_EEE
FNDA:47,_ZNSt4pairIKmN8bookshop4BookEEC2IJOmEJLm0EEJEJEEERSt5tupleIJDpT_EERS6_IJDpT1_EESt12_Index_tupleIJXspT0_EEESF_IJXspT2_EEE
FN:1816,_ZNSt4pairIKmN8bookshop5OrderEEC2IJRS0_EJLm0EEJEJEEERSt5tupleIJDpT_EERS6_IJDpT1_EESt12_Index_tupleIJXspT0_EEESF_IJXspT2_EEE
FNDA:23,_ZNSt4pairIKmN8bookshop5OrderEEC2IJRS0_EJLm0EEJEJEEERSt5tupleIJDpT_EERS6_IJDpT1_EESt12_Index_tupleIJXspT0_EEESF_IJXspT2_EEE
FN:1816,_ZNSt4pairIKmN8bookshop4BookEEC2IJRS0_EJLm0EEJEJEEERSt5tupleIJDpT_EERS6_IJDpT1_EESt12_Index_tupleIJXspT0_EEESF_IJXspT2_EEE
FNDA:0,_ZNSt4pairIKmN8bookshop4BookEEC2IJRS0_EJLm0EEJEJEEERSt5tupleIJDpT_EERS6_IJDpT1_EESt12_Index_tupleIJXspT0_EEESF_IJXspT2_EEE
DA:192,0
DA:193,0
DA:192,47
DA:193,47
DA:199,0
DA:200,0
DA:233,0
DA:233,0
DA:233,47
DA:424,0
DA:424,0
DA:424,47
DA:434,0
DA:435,0
DA:436,0
DA:434,47
DA:435,47
DA:436,47
DA:440,0
DA:441,0
DA:442,0
DA:454,0
DA:456,0
DA:457,0
DA:454,0
DA:456,0
DA:457,0
DA:454,47
DA:456,47
DA:457,47
DA:727,0
DA:729,0
DA:727,47
DA:729,47
DA:742,0
DA:744,0
DA:756,0
DA:756,0
DA:756,47
DA:1377,0
DA:1378,0
DA:1377,0
DA:1378,0
DA:1377,47
DA:1378,47
DA:1393,0
DA:1394,0
DA:1393,0
DA:1394,0
DA:1393,47
DA:1394,47
DA:1617,0
DA:1618,0
DA:1804,23
DA:1809,23
DA:1810,23
DA:1804,0
DA:1809,0
DA:1810,0
DA:1804,0
DA:1809,0
DA:1810,0
DA:1804,47
DA:1809,47
DA:1810,47
DA:1804,47
DA:1809,47
DA:1810,47
DA:1816,23
DA:1819,23
DA:1820,23
DA:1821,23
DA:1816,0
DA:1819,0
DA:1820,0
DA:1821,0
DA:1816,0
DA:1819,0
DA:1820,0
DA:1821,0
DA:1816,47
DA:1819,47
DA:1820,47
DA:1821,47
DA:1816,47
DA:1819,47
DA:1820,47
DA:1821,47
end_of_record
SF:/usr/include/c++/11/bits/stl_iterator_base_funcs.h
FN:98,_ZSt10__distanceIPcENSt15iterator_traitsIT_E15difference_typeES2_S2_St26random_access_iterator_tag
FNDA:0,_ZSt10__distanceIPcENSt15iterator_traitsIT_E15difference_typeES2_S2_St26random_access_iterator_tag
FN:98,_ZSt10__distanceIPKcENSt15iterator_traitsIT_E15difference_typeES3_S3_St26random_access_iterator_tag
FNDA:0,_ZSt10__distanceIPKcENSt15iterator_traitsIT_E15difference_typeES3_S3_St26random_access_iterator_tag
FN:138,_ZSt8distanceIPcENSt15iterator_traitsIT_E15difference_typeES2_S2_
FNDA:0,_ZSt8distanceIPcENSt15iterator_traitsIT_E15difference_typeES2_S2_
FN:138,_ZSt8distanceIPKcENSt15iterator_traitsIT_E15difference_typeES3_S3_
FNDA:0,_ZSt8distanceIPKcENSt15iterator_traitsIT_E15difference_typeES3_S3_
DA:98,0
DA:104,0
DA:98,0
DA:104,0
DA:138,0
DA:141,0
DA:142,0
DA:138,0
DA:141,0
DA:142,0
end_of_record
SF:/usr/include/c++/11/bits/stl_algobase.h
FN:230,_ZSt3minImERKT_S2_S2_
FNDA:0,_ZSt3minImERKT_S2_S2_
FN:254,_ZSt3maxImERKT_S2_S2_
FNDA:0,_ZSt3maxImERKT_S2_S2_
FN:313,_ZSt12__niter_baseIPN8bookshop9BooksPackEET_S3_
FNDA:42,_ZSt12__niter_baseIPN8bookshop9BooksPackEET_S3_
DA:230,0
DA:235,0
DA:236,0
DA:237,0
DA:254,0
DA:259,0
DA:260,0
DA:261,0
DA:313,42
DA:315,42
end_of_record
SF:/usr/include/c++/11/bits/stl_uninitialized.h
FN:986,_ZSt19__relocate_object_aIN8bookshop9BooksPackES1_SaIS1_EEvPT_PT0_RT1_
FNDA:0,_ZSt19__relocate_object_aIN8bookshop9BooksPackES1_SaIS1_EEvPT_PT0_RT1_
FN:1018,_ZSt14__relocate_a_1IPN8bookshop9BooksPackES2_SaIS1_EET0_T_S5_S4_RT1_
FNDA:14,_ZSt14__relocate_a_1IPN8bookshop9BooksPackES2_SaIS1_EET0_T_S5_S4_RT1_
FN:1040,_ZSt12__relocate_aIPN8bookshop9BooksPackES2_SaIS1_EET0_T_S5_S4_RT1_
FNDA:14,_ZSt12__relocate_aIPN8bookshop9BooksPackES2_SaIS1_EET0_T_S5_S4_RT1_
DA:986,0
DA:994,0
DA:995,0
DA:996,0
DA:1018,14
DA:1030,14
DA:1031,14
DA:1032,0
DA:1034,14
DA:1040,14
DA:1046,14
DA:1048,14
end_of_record
SF:/usr/include/c++/11/bits/stl_construct.h
FN:146,_ZSt8_DestroyIN8bookshop9BooksPackEEvPT_
FNDA:0,_ZSt8_DestroyIN8bookshop9BooksPackEEvPT_
FN:160,_ZNSt12_Destroy_auxILb0EE9__destroyIPN8bookshop9BooksPackEEEvT_S5_
FNDA:0,_ZNSt12_Destroy_auxILb0EE9__destroyIPN8bookshop9BooksPackEEEvT_S5_
FN:172,_ZNSt12_Destroy_auxILb1EE9__destroyIPN8bookshop9BookOrderEEEvT_S5_
FNDA:0,_ZNSt12_Destroy_auxILb1EE9__destroyIPN8bookshop9BookOrderEEEvT_S5_
FN:182,_ZSt8_DestroyIPN8bookshop9BooksPackEEvT_S3_
FNDA:0,_ZSt8_DestroyIPN8bookshop9BooksPackEEvT_S3_
FN:182,_ZSt8_DestroyIPN8bookshop9BookOrderEEvT_S3_
FNDA:0,_ZSt8_DestroyIPN8bookshop9BookOrderEEvT_S3_
DA:146,0
DA:151,0
DA:153,0
DA:160,0
DA:162,0
DA:163,0
DA:164,0
DA:172,0
DA:182,0
DA:196,0
DA:197,0
DA:182,0
DA:196,0
DA:197,0
end_of_record
SF:/usr/include/c++/11/bits/stl_tree.h
FN:112,_ZNSt18_Rb_tree_node_base10_S_minimumEPS_
FNDA:0,_ZNSt18_Rb_tree_node_base10_S_minimumEPS_
FN:126,_ZNSt18_Rb_tree_node_base10_S_maximumEPS_
FNDA:0,_ZNSt18_Rb_tree_node_base10_S_maximumEPS_
FN:146,_ZNSt20_Rb_tree_key_compareISt4lessImEEC2Ev
FNDA:0,_ZNSt20_Rb_tree_key_compareISt4lessImEEC2Ev
FN:146,_ZNSt20_Rb_tree_key_compareISt4lessIN8bookshop4BookEEEC2Ev
FNDA:36,_ZNSt20_Rb_tree_key_compareISt4lessIN8bookshop4BookEEEC2Ev
FN:152,_ZNSt20_Rb_tree_key_compareISt4lessImEEC2ERKS1_
FNDA:0,_ZNSt20_Rb_tree_key_compareISt4lessImEEC2ERKS1_
FN:173,_ZNSt15_Rb_tree_headerC2Ev
FNDA:0,_ZNSt15_Rb_tree_headerC2Ev
FN:206,_ZNSt15_Rb_tree_header8_M_resetEv
FNDA:0,_ZNSt15_Rb_tree_header8_M_resetEv
FN:234,_ZNSt13_Rb_tree_nodeISt4pairIKmN8bookshop5OrderEEE9_M_valptrEv
FNDA:0,_ZNSt13_Rb_tree_nodeISt4pairIKmN8bookshop5OrderEEE9_M_valptrEv
FN:234,_ZNSt13_Rb_tree_nodeISt4pairIKmmEE9_M_valptrEv
FNDA:0,_ZNSt13_Rb_tree_nodeISt4pairIKmmEE9_M_valptrEv
FN:234,_ZNSt13_Rb_tree_nodeISt4pairIKmN8bookshop4BookEEE9_M_valptrEv
FNDA:0,_ZNSt13_Rb_tree_nodeISt4pairIKmN8bookshop4BookEEE9_M_valptrEv
FN:234,_ZNSt13_Rb_tree_nodeISt4pairIKN8bookshop4BookEmEE9_M_valptrEv
FNDA:0,_ZNSt13_Rb_tree_nodeISt4pairIKN8bookshop4BookEmEE9_M_valptrEv
FN:238,_ZNKSt13_Rb_tree_nodeISt4pairIKmN8bookshop4BookEEE9_M_valptrEv
FNDA:283,_ZNKSt13_Rb_tree_nodeISt4pairIKmN8bookshop4BookEEE9_M_valptrEv
FN:238,_ZNKSt13_Rb_tree_nodeISt4pairIKN8bookshop4BookEmEE9_M_valptrEv
FNDA:218,_ZNKSt13_Rb_tree_nodeISt4pairIKN8bookshop4BookEmEE9_M_valptrEv
FN:238,_ZNKSt13_Rb_tree_nodeISt4pairIKmmEE9_M_valptrEv
FNDA:0,_ZNKSt13_Rb_tree_nodeISt4pairIKmmEE9_M_valptrEv
FN:238,_ZNKSt13_Rb_tree_nodeISt4pairIKmN8bookshop5OrderEEE9_M_valptrEv
FNDA:341,_ZNKSt13_Rb_tree_nodeISt4pairIKmN8bookshop5OrderEEE9_M_valptrEv
FN:273,_ZNSt17_Rb_tree_iteratorISt4pairIKmN8bookshop5OrderEEEC2EPSt18_Rb_tree_node_base
FNDA:717,_ZNSt17_Rb_tree_iteratorISt4pairIKmN8bookshop5OrderEEEC2EPSt18_Rb_tree_node_base
FN:273,_ZNSt17_Rb_tree_iteratorISt4pairIKmmEEC2EPSt18_Rb_tree_node_base
FNDA:0,_ZNSt17_Rb_tree_iteratorISt4pairIKmmEEC2EPSt18_Rb_tree_node_base
FN:273,_ZNSt17_Rb_tree_iteratorISt4pairIKmN8bookshop4BookEEEC2EPSt18_Rb_tree_node_base
FNDA:416,_ZNSt17_Rb_tree_iteratorISt4pairIKmN8bookshop4BookEEEC2EPSt18_Rb_tree_node_base
FN:273,_ZNSt17_Rb_tree_iteratorISt4pairIKN8bookshop4BookEmEEC2EPSt18_Rb_tree_node_base
FNDA:356,_ZNSt17_Rb_tree_iteratorISt4pairIKN8bookshop4BookEmEEC2EPSt18_Rb_tree_node_base
FN:277,_ZNKSt17_Rb_tree_iteratorISt4pairIKmmEEdeEv
FNDA:0,_ZNKSt17_Rb_tree_iteratorISt4pairIKmmEEdeEv
FN:277,_ZNKSt17_Rb_tree_iteratorISt4pairIKN8bookshop4BookEmEEdeEv
FNDA:150,_ZNKSt17_Rb_tree_iteratorISt4pairIKN8bookshop4BookEmEEdeEv
FN:277,_ZNKSt17_Rb_tree_iteratorISt4pairIKmN8bookshop5OrderEEEdeEv
FNDA:307,_ZNKSt17_Rb_tree_iteratorISt4pairIKmN8bookshop5OrderEEEdeEv
FN:277,_ZNKSt17_Rb_tree_iteratorISt4pairIKmN8bookshop4BookEEEdeEv
FNDA:133,_ZNKSt17_Rb_tree_iteratorISt4pairIKmN8bookshop4BookEEEdeEv
FN:285,_ZNSt17_Rb_tree_iteratorISt4pairIKmN8bookshop4BookEEEppEv
FNDA:0,_ZNSt17_Rb_tree_iteratorISt4pairIKmN8bookshop4BookEEEppEv
FN:285,_ZNSt17_Rb_tree_iteratorISt4pairIKN8bookshop4BookEmEEppEv
FNDA:41,_ZNSt17_Rb_tree_iteratorISt4pairIKN8bookshop4BookEmEEppEv
FN:285,_ZNSt17_Rb_tree_iteratorISt4pairIKmN8bookshop5OrderEEEppEv
FNDA:0,_ZNSt17_Rb_tree_iteratorISt4pairIKmN8bookshop5OrderEEEppEv
FN:285,_ZNSt17_Rb_tree_iteratorISt4pairIKmmEEppEv
FNDA:0,_ZNSt17_Rb_tree_iteratorISt4pairIKmmEEppEv
FN:300,_ZNSt17_Rb_tree_iteratorISt4pairIKmN8bookshop5OrderEEEmmEv
FNDA:0,_ZNSt17_Rb_tree_iteratorISt4pairIKmN8bookshop5OrderEEEmmEv
FN:300,_ZNSt17_Rb_tree_iteratorISt4pairIKmN8bookshop4BookEEEmmEv
FNDA:0,_ZNSt17_Rb_tree_iteratorISt4pairIKmN8bookshop4BookEEEmmEv
FN:300,_ZNSt17_Rb_tree_iteratorISt4pairIKN8bookshop4BookEmEEmmEv
FNDA:0,_ZNSt17_Rb_tree_iteratorISt4pairIKN8bookshop4BookEmEEmmEv
FN:300,_ZNSt17_Rb_tree_iteratorISt4pairIKmmEEmmEv
FNDA:0,_ZNSt17_Rb_tree_iteratorISt4pairIKmmEEmmEv
FN:315,_ZSteqRKSt17_Rb_tree_iteratorISt4pairIKN8bookshop4BookEmEES7_
FNDA:106,_ZSteqRKSt17_Rb_tree_iteratorISt4pairIKN8bookshop4BookEmEES7_
FN:315,_ZSteqRKSt17_Rb_tree_iteratorISt4pairIKmN8bookshop5OrderEEES7_
FNDA:373,_ZSteqRKSt17_Rb_tree_iteratorISt4pairIKmN8bookshop5OrderEEES7_
FN:315,_ZSteqRKSt17_Rb_tree_iteratorISt4pairIKmN8bookshop4BookEEES7_
FNDA:174,_ZSteqRKSt17_Rb_tree_iteratorISt4pairIKmN8bookshop4BookEEES7_
FN:315,_ZSteqRKSt17_Rb_tree_iteratorISt4pairIKmmEES5_
FNDA:0,_ZSteqRKSt17_Rb_tree_iteratorISt4pairIKmmEES5_
FN:320,_ZStneRKSt17_Rb_tree_iteratorISt4pairIKN8bookshop4BookEmEES7_
FNDA:66,_ZStneRKSt17_Rb_tree_iteratorISt4pairIKN8bookshop4BookEmEES7_
FN:350,_ZNSt23_Rb_tree_const_iteratorISt4pairIKN8bookshop4BookEmEEC2ERKSt17_Rb_tree_iteratorIS4_E
FNDA:47,_ZNSt23_Rb_tree_const_iteratorISt4pairIKN8bookshop4BookEmEEC2ERKSt17_Rb_tree_iteratorIS4_E
FN:350,_ZNSt23_Rb_tree_const_iteratorISt4pairIKmN8bookshop5OrderEEEC2ERKSt17_Rb_tree_iteratorIS4_E
FNDA:23,_ZNSt23_Rb_tree_const_iteratorISt4pairIKmN8bookshop5OrderEEEC2ERKSt17_Rb_tree_iteratorIS4_E
FN:350,_ZNSt23_Rb_tree_const_iteratorISt4pairIKmN8bookshop4BookEEEC2ERKSt17_Rb_tree_iteratorIS4_E
FNDA:47,_ZNSt23_Rb_tree_const_iteratorISt4pairIKmN8bookshop4BookEEEC2ERKSt17_Rb_tree_iteratorIS4_E
FN:350,_ZNSt23_Rb_tree_const_iteratorISt4pairIKmmEEC2ERKSt17_Rb_tree_iteratorIS2_E
FNDA:0,_ZNSt23_Rb_tree_const_iteratorISt4pairIKmmEEC2ERKSt17_Rb_tree_iteratorIS2_E
FN:354,_ZNKSt23_Rb_tree_const_iteratorISt4pairIKN8bookshop4BookEmEE13_M_const_castEv
FNDA:47,_ZNKSt23_Rb_tree_const_iteratorISt4pairIKN8bookshop4BookEmEE13_M_const_castEv
FN:354,_ZNKSt23_Rb_tree_const_iteratorISt4pairIKmN8bookshop4BookEEE13_M_const_castEv
FNDA:47,_ZNKSt23_Rb_tree_const_iteratorISt4pairIKmN8bookshop4BookEEE13_M_const_castEv
FN:354,_ZNKSt23_Rb_tree_const_iteratorISt4pairIKmN8bookshop5OrderEEE13_M_const_castEv
FNDA:23,_ZNKSt23_Rb_tree_const_iteratorISt4pairIKmN8bookshop5OrderEEE13_M_const_castEv
FN:354,_ZNKSt23_Rb_tree_const_iteratorISt4pairIKmmEE13_M_const_castEv
FNDA:0,_ZNKSt23_Rb_tree_const_iteratorISt4pairIKmmEE13_M_const_castEv
FN:443,_ZNSt8_Rb_treeImSt4pairIKmmESt10_Select1stIS2_ESt4lessImESaIS2_EE20_Reuse_or_alloc_nodeC2ERS8_
FNDA:71,_ZNSt8_Rb_treeImSt4pairIKmmESt10_Select1stIS2_ESt4lessImESaIS2_EE20_Reuse_or_alloc_nodeC2ERS8_
FN:461,_ZNSt8_Rb_treeImSt4pairIKmmESt10_Select1stIS2_ESt4lessImESaIS2_EE20_Reuse_or_alloc_nodeD2Ev
FNDA:71,_ZNSt8_Rb_treeImSt4pairIKmmESt10_Select1stIS2_ESt4lessImESaIS2_EE20_Reuse_or_alloc_nodeD2Ev
FN:466,_ZNSt8_Rb_treeImSt4pairIKmmESt10_Select1stIS2_ESt4lessImESaIS2_EE20_Reuse_or_alloc_nodeclIRKS2_EEPSt13_Rb_tree_nodeIS2_EOT_
FNDA:73,_ZNSt8_Rb_treeImSt4pairIKmmESt10_Select1stIS2_ESt4lessImESaIS2_EE20_Reuse_or_alloc_nodeclIRKS2_EEPSt13_Rb_tree_nodeIS2_EOT_
FN:481,_ZNSt8_Rb_treeImSt4pairIKmmESt10_Select1stIS2_ESt4lessImESaIS2_EE20_Reuse_or_alloc_node10_M_extractEv
FNDA:73,_ZNSt8_Rb_treeImSt4pairIKmmESt10_Select1stIS2_ESt4lessImESaIS2_EE20_Reuse_or_alloc_node10_M_extractEv
FN:523,_ZNSt8_Rb_treeImSt4pairIKmmESt10_Select1stIS2_ESt4lessImESaIS2_EE11_Alloc_nodeC2ERS8_
FNDA:0,_ZNSt8_Rb_treeImSt4pairIKmmESt10_Select1stIS2_ESt4lessImESaIS2_EE11_Alloc_nodeC2ERS8_
FN:528,_ZNKSt8_Rb_treeImSt4pairIKmmESt10_Select1stIS2_ESt4lessImESaIS2_EE11_Alloc_nodeclIRKS2_EEPSt13_Rb_tree_nodeIS2_EOT_
FNDA:0,_ZNKSt8_Rb_treeImSt4pairIKmmESt10_Select1stIS2_ESt4lessImESaIS2_EE11_Alloc_nodeclIRKS2_EEPSt13_Rb_tree_nodeIS2_EOT_
FN:547,_ZNSt8_Rb_treeImSt4pairIKmmESt10_Select1stIS2_ESt4lessImESaIS2_EE21_M_get_Node_allocatorEv
FNDA:0,_ZNSt8_Rb_treeImSt4pairIKmmESt10_Select1stIS2_ESt4lessImESaIS2_EE21_M_get_Node_allocatorEv
FN:547,_ZNSt8_Rb_treeIN8bookshop4BookESt4pairIKS1_mESt10_Select1stIS4_ESt4lessIS1_ESaIS4_EE21_M_get_Node_allocatorEv
FNDA:0,_ZNSt8_Rb_treeIN8bookshop4BookESt4pairIKS1_mESt10_Select1stIS4_ESt4lessIS1_ESaIS4_EE21_M_get_Node_allocatorEv
FN:547,_ZNSt8_Rb_treeImSt4pairIKmN8bookshop4BookEESt10_Select1stIS4_ESt4lessImESaIS4_EE21_M_get_Node_allocatorEv
FNDA:0,_ZNSt8_Rb_treeImSt4pairIKmN8bookshop4BookEESt10_Select1stIS4_ESt4lessImESaIS4_EE21_M_get_Node_allocatorEv
FN:547,_ZNSt8_Rb_treeImSt4pairIKmN8bookshop5OrderEESt10_Select1stIS4_ESt4lessImESaIS4_EE21_M_get_Node_allocatorEv
FNDA:0,_ZNSt8_Rb_treeImSt4pairIKmN8bookshop5OrderEESt10_Select1stIS4_ESt4lessImESaIS4_EE21_M_get_Node_allocatorEv
FN:551,_ZNKSt8_Rb_treeImSt4pairIKmmESt10_Select1stIS2_ESt4lessImESaIS2_EE21_M_get_Node_allocatorEv
FNDA:0,_ZNKSt8_Rb_treeImSt4pairIKmmESt10_Select1stIS2_ESt4lessImESaIS2_EE21_M_get_Node_allocatorEv
FN:560,_ZNSt8_Rb_treeImSt4pairIKmmESt10_Select1stIS2_ESt4lessImESaIS2_EE11_M_get_nodeEv
FNDA:0,_ZNSt8_Rb_treeImSt4pairIKmmESt10_Select1stIS2_ESt4lessImESaIS2_EE11_M_get_nodeEv
FN:560,_ZNSt8_Rb_treeIN8bookshop4BookESt4pairIKS1_mESt10_Select1stIS4_ESt4lessIS1_ESaIS4_EE11_M_get_nodeEv
FNDA:47,_ZNSt8_Rb_treeIN8bookshop4BookESt4pairIKS1_mESt10_Select1stIS4_ESt4lessIS1_ESaIS4_EE11_M_get_nodeEv
FN:560,_ZNSt8_Rb_treeImSt4pairIKmN8bookshop5OrderEESt10_Select1stIS4_ESt4lessImESaIS4_EE11_M_get_nodeEv
FNDA:23,_ZNSt8_Rb_treeImSt4pairIKmN8bookshop5OrderEESt10_Select1stIS4_ESt4lessImESaIS4_EE11_M_get_nodeEv
FN:560,_ZNSt8_Rb_treeImSt4pairIKmN8bookshop4BookEESt10_Select1stIS4_ESt4lessImESaIS4_EE11_M_get_nodeEv
FNDA:47,_ZNSt8_Rb_treeImSt4pairIKmN8bookshop4BookEESt10_Select1stIS4_ESt4lessImESaIS4_EE11_M_get_nodeEv
FN:564,_ZNSt8_Rb_treeImSt4pairIKmmESt10_Select1stIS2_ESt4lessImESaIS2_EE11_M_put_nodeEPSt13_Rb_tree_nodeIS2_E
FNDA:0,_ZNSt8_Rb_treeImSt4pairIKmmESt10_Select1stIS2_ESt4lessImESaIS2_EE11_M_put_nodeEPSt13_Rb_tree_nodeIS2_E
FN:564,_ZNSt8_Rb_treeImSt4pairIKmN8bookshop5OrderEESt10_Select1stIS4_ESt4lessImESaIS4_EE11_M_put_nodeEPSt13_Rb_tree_nodeIS4_E
FNDA:0,_ZNSt8_Rb_treeImSt4pairIKmN8bookshop5OrderEESt10_Select1stIS4_ESt4lessImESaIS4_EE11_M_put_nodeEPSt13_Rb_tree_nodeIS4_E
FN:564,_ZNSt8_Rb_treeImSt4pairIKmN8bookshop4BookEESt10_Select1stIS4_ESt4lessImESaIS4_EE11_M_put_nodeEPSt13_Rb_tree_nodeIS4_E
FNDA:0,_ZNSt8_Rb_treeImSt4pairIKmN8bookshop4BookEESt10_Select1stIS4_ESt4lessImESaIS4_EE11_M_put_nodeEPSt13_Rb_tree_nodeIS4_E
FN:564,_ZNSt8_Rb_treeIN8bookshop4BookESt4pairIKS1_mESt10_Select1stIS4_ESt4lessIS1_ESaIS4_EE11_M_put_nodeEPSt13_Rb_tree_nodeIS4_E
FNDA:0,_ZNSt8_Rb_treeIN8bookshop4BookESt4pairIKS1_mESt10_Select1stIS4_ESt4lessIS1_ESaIS4_EE11_M_put_nodeEPSt13_Rb_tree_nodeIS4_E
FN:590,_ZNSt8_Rb_treeImSt4pairIKmmESt10_Select1stIS2_ESt4lessImESaIS2_EE17_M_construct_nodeIJRKSt21piecewise_construct_tSt5tupleIJOmEESD_IJEEEEEvPSt13_Rb_tree_nodeIS2_EDpOT_
FNDA:0,_ZNSt8_Rb_treeImSt4pairIKmmESt10_Select1stIS2_ESt4lessImESaIS2_EE17_M_construct_nodeIJRKSt21piecewise_construct_tSt5tupleIJOmEESD_IJEEEEEvPSt13_Rb_tree_nodeIS2_EDpOT_
FN:590,_ZNSt8_Rb_treeImSt4pairIKmmESt10_Select1stIS2_ESt4lessImESaIS2_EE17_M_construct_nodeIJRKS2_EEEvPSt13_Rb_tree_nodeIS2_EDpOT_
FNDA:0,_ZNSt8_Rb_treeImSt4pairIKmmESt10_Select1stIS2_ESt4lessImESaIS2_EE17_M_construct_nodeIJRKS2_EEEvPSt13_Rb_tree_nodeIS2_EDpOT_
FN:590,_ZNSt8_Rb_treeImSt4pairIKmN8bookshop5OrderEESt10_Select1stIS4_ESt4lessImESaIS4_EE17_M_construct_nodeIJRKSt21piecewise_construct_tSt5tupleIJRS1_EESF_IJEEEEEvPSt13_Rb_tree_nodeIS4_EDpOT_
FNDA:23,_ZNSt8_Rb_treeImSt4pairIKmN8bookshop5OrderEESt10_Select1stIS4_ESt4lessImESaIS4_EE17_M_construct_nodeIJRKSt21piecewise_construct_tSt5tupleIJRS1_EESF_IJEEEEEvPSt13_Rb_tree_nodeIS4_EDpOT_
FN:590,_ZNSt8_Rb_treeImSt4pairIKmN8bookshop4BookEESt10_Select1stIS4_ESt4lessImESaIS4_EE17_M_construct_nodeIJRKSt21piecewise_construct_tSt5tupleIJOmEESF_IJEEEEEvPSt13_Rb_tree_nodeIS4_EDpOT_
FNDA:47,_ZNSt8_Rb_treeImSt4pairIKmN8bookshop4BookEESt10_Select1stIS4_ESt4lessImESaIS4_EE17_M_construct_nodeIJRKSt21piecewise_construct_tSt5tupleIJOmEESF_IJEEEEEvPSt13_Rb_tree_nodeIS4_EDpOT_
FN:590,_ZNSt8_Rb_treeImSt4pairIKmN8bookshop4BookEESt10_Select1stIS4_ESt4lessImESaIS4_EE17_M_construct_nodeIJRKSt21piecewise_construct_tSt5tupleIJRS1_EESF_IJEEEEEvPSt13_Rb_tree_nodeIS4_EDpOT_
FNDA:0,_ZNSt8_Rb_treeImSt4pairIKmN8bookshop4BookEESt10_Select1stIS4_ESt4lessImESaIS4_EE17_M_construct_nodeIJRKSt21piecewise_construct_tSt5tupleIJRS1_EESF_IJEEEEEvPSt13_Rb_tree_nodeIS4_EDpOT_
FN:590,_ZNSt8_Rb_treeIN8bookshop4BookESt4pairIKS1_mESt10_Select1stIS4_ESt4lessIS1_ESaIS4_EE17_M_construct_nodeIJRKSt21piecewise_construct_tSt5tupleIJRS3_EESF_IJEEEEEvPSt13_Rb_tree_nodeIS4_EDpOT_
FNDA:47,_ZNSt8_Rb_treeIN8bookshop4BookESt4pairIKS1_mESt10_Select1stIS4_ESt4lessIS1_ESaIS4_EE17_M_construct_nodeIJRKSt21piecewise_construct_tSt5tupleIJRS3_EESF_IJEEEEEvPSt13_Rb_tree_nodeIS4_EDpOT_
FN:609,_ZNSt8_Rb_treeImSt4pairIKmN8bookshop4BookEESt10_Select1stIS4_ESt4lessImESaIS4_EE14_M_create_nodeIJRKSt21piecewise_construct_tSt5tupleIJOmEESF_IJEEEEEPSt13_Rb_tree_nodeIS4_EDpOT_
FNDA:47,_ZNSt8_Rb_treeImSt4pairIKmN8bookshop4BookEESt10_Select1stIS4_ESt4lessImESaIS4_EE14_M_create_nodeIJRKSt21piecewise_construct_tSt5tupleIJOmEESF_IJEEEEEPSt13_Rb_tree_nodeIS4_EDpOT_
FN:609,_ZNSt8_Rb_treeIN8bookshop4BookESt4pairIKS1_mESt10_Select1stIS4_ESt4lessIS1_ESaIS4_EE14_M_create_nodeIJRKSt21piecewise_construct_tSt5tupleIJRS3_EESF_IJEEEEEPSt13_Rb_tree_nodeIS4_EDpOT_
FNDA:47,_ZNSt8_Rb_treeIN8bookshop4BookESt4pairIKS1_mESt10_Select1stIS4_ESt4lessIS1_ESaIS4_EE14_M_create_nodeIJRKSt21piecewise_construct_tSt5tupleIJRS3_EESF_IJEEEEEPSt13_Rb_tree_nodeIS4_EDpOT_
FN:609,_ZNSt8_Rb_treeImSt4pairIKmN8bookshop4BookEESt10_Select1stIS4_ESt4lessImESaIS4_EE14_M_create_nodeIJRKSt21piecewise_construct_tSt5tupleIJRS1_EESF_IJEEEEEPSt13_Rb_tree_nodeIS4_EDpOT_
FNDA:0,_ZNSt8_Rb_treeImSt4pairIKmN8bookshop4BookEESt10_Select1stIS4_ESt4lessImESaIS4_EE14_M_create_nodeIJRKSt21piecewise_construct_tSt5tupleIJRS1_EESF_IJEEEEEPSt13_Rb_tree_nodeIS4_EDpOT_
FN:609,_ZNSt8_Rb_treeImSt4pairIKmmESt10_Select1stIS2_ESt4lessImESaIS2_EE14_M_create_nodeIJRKSt21piecewise_construct_tSt5tupleIJOmEESD_IJEEEEEPSt13_Rb_tree_nodeIS2_EDpOT_
FNDA:0,_ZNSt8_Rb_treeImSt4pairIKmmESt10_Select1stIS2_ESt4lessImESaIS2_EE14_M_create_nodeIJRKSt21piecewise_construct_tSt5tupleIJOmEESD_IJEEEEEPSt13_Rb_tree_nodeIS2_EDpOT_
FN:609,_ZNSt8_Rb_treeImSt4pairIKmN8bookshop5OrderEESt10_Select1stIS4_ESt4lessImESaIS4_EE14_M_create_nodeIJRKSt21piecewise_construct_tSt5tupleIJRS1_EESF_IJEEEEEPSt13_Rb_tree_nodeIS4_EDpOT_
FNDA:23,_ZNSt8_Rb_treeImSt4pairIKmN8bookshop5OrderEESt10_Select1stIS4_ESt4lessImESaIS4_EE14_M_create_nodeIJRKSt21piecewise_construct_tSt5tupleIJRS1_EESF_IJEEEEEPSt13_Rb_tree_nodeIS4_EDpOT_
FN:609,_ZNSt8_Rb_treeImSt4pairIKmmESt10_Select1stIS2_ESt4lessImESaIS2_EE14_M_create_nodeIJRKS2_EEEPSt13_Rb_tree_nodeIS2_EDpOT_
FNDA:0,_ZNSt8_Rb_treeImSt4pairIKmmESt10_Select1stIS2_ESt4lessImESaIS2_EE14_M_create_nodeIJRKS2_EEEPSt13_Rb_tree_nodeIS2_EDpOT_
FN:618,_ZNSt8_Rb_treeImSt4pairIKmmESt10_Select1stIS2_ESt4lessImESaIS2_EE15_M_destroy_nodeEPSt13_Rb_tree_nodeIS2_E
FNDA:0,_ZNSt8_Rb_treeImSt4pairIKmmESt10_Select1stIS2_ESt4lessImESaIS2_EE15_M_destroy_nodeEPSt13_Rb_tree_nodeIS2_E
FN:618,_ZNSt8_Rb_treeImSt4pairIKmN8bookshop5OrderEESt10_Select1stIS4_ESt4lessImESaIS4_EE15_M_destroy_nodeEPSt13_Rb_tree_nodeIS4_E
FNDA:0,_ZNSt8_Rb_treeImSt4pairIKmN8bookshop5OrderEESt10_Select1stIS4_ESt4lessImESaIS4_EE15_M_destroy_nodeEPSt13_Rb_tree_nodeIS4_E
FN:618,_ZNSt8_Rb_treeImSt4pairIKmN8bookshop4BookEESt10_Select1stIS4_ESt4lessImESaIS4_EE15_M_destroy_nodeEPSt13_Rb_tree_nodeIS4_E
FNDA:0,_ZNSt8_Rb_treeImSt4pairIKmN8bookshop4BookEESt10_Select1stIS4_ESt4lessImESaIS4_EE15_M_destroy_nodeEPSt13_Rb_tree_nodeIS4_E
FN:618,_ZNSt8_Rb_treeIN8bookshop4BookESt4pairIKS1_mESt10_Select1stIS4_ESt4lessIS1_ESaIS4_EE15_M_destroy_nodeEPSt13_Rb_tree_nodeIS4_E
FNDA:0,_ZNSt8_Rb_treeIN8bookshop4BookESt4pairIKS1_mESt10_Select1stIS4_ESt4lessIS1_ESaIS4_EE15_M_destroy_nodeEPSt13_Rb_tree_nodeIS4_E
FN:629,_ZNSt8_Rb_treeIN8bookshop4BookESt4pairIKS1_mESt10_Select1stIS4_ESt4lessIS1_ESaIS4_EE12_M_drop_nodeEPSt13_Rb_tree_nodeIS4_E
FNDA:0,_ZNSt8_Rb_treeIN8bookshop4BookESt4pairIKS1_mESt10_Select1stIS4_ESt4lessIS1_ESaIS4_EE12_M_drop_nodeEPSt13_Rb_tree_nodeIS4_E
FN:629,_ZNSt8_Rb_treeImSt4pairIKmN8bookshop4BookEESt10_Select1stIS4_ESt4lessImESaIS4_EE12_M_drop_nodeEPSt13_Rb_tree_nodeIS4_E
FNDA:0,_ZNSt8_Rb_treeImSt4pairIKmN8bookshop4BookEESt10_Select1stIS4_ESt4lessImESaIS4_EE12_M_drop_nodeEPSt13_Rb_tree_nodeIS4_E
FN:629,_ZNSt8_Rb_treeImSt4pairIKmN8bookshop5OrderEESt10_Select1stIS4_ESt4lessImESaIS4_EE12_M_drop_nodeEPSt13_Rb_tree_nodeIS4_E
FNDA:0,_ZNSt8_Rb_treeImSt4pairIKmN8bookshop5OrderEESt10_Select1stIS4_ESt4lessImESaIS4_EE12_M_drop_nodeEPSt13_Rb_tree_nodeIS4_E
FN:629,_ZNSt8_Rb_treeImSt4pairIKmmESt10_Select1stIS2_ESt4lessImESaIS2_EE12_M_drop_nodeEPSt13_Rb_tree_nodeIS2_E
FNDA:0,_ZNSt8_Rb_treeImSt4pairIKmmESt10_Select1stIS2_ESt4lessImESaIS2_EE12_M_drop_nodeEPSt13_Rb_tree_nodeIS2_E
FN:637,_ZNSt8_Rb_treeImSt4pairIKmmESt10_Select1stIS2_ESt4lessImESaIS2_EE13_M_clone_nodeILb0ENS8_11_Alloc_nodeEEEPSt13_Rb_tree_nodeIS2_ESD_RT0_
FNDA:0,_ZNSt8_Rb_treeImSt4pairIKmmESt10_Select1stIS2_ESt4lessImESaIS2_EE13_M_clone_nodeILb0ENS8_11_Alloc_nodeEEEPSt13_Rb_tree_nodeIS2_ESD_RT0_
FN:637,_ZNSt8_Rb_treeImSt4pairIKmmESt10_Select1stIS2_ESt4lessImESaIS2_EE13_M_clone_nodeILb0ENS8_20_Reuse_or_alloc_nodeEEEPSt13_Rb_tree_nodeIS2_ESD_RT0_
FNDA:73,_ZNSt8_Rb_treeImSt4pairIKmmESt10_Select1stIS2_ESt4lessImESaIS2_EE13_M_clone_nodeILb0ENS8_20_Reuse_or_alloc_nodeEEEPSt13_Rb_tree_nodeIS2_ESD_RT0_
FN:667,_ZNSt8_Rb_treeIN8bookshop4BookESt4pairIKS1_mESt10_Select1stIS4_ESt4lessIS1_ESaIS4_EE13_Rb_tree_implIS8_Lb1EEC2Ev
FNDA:36,_ZNSt8_Rb_treeIN8bookshop4BookESt4pairIKS1_mESt10_Select1stIS4_ESt4lessIS1_ESaIS4_EE13_Rb_tree_implIS8_Lb1EEC2Ev
FN:667,_ZNSt8_Rb_treeImSt4pairIKmN8bookshop4BookEESt10_Select1stIS4_ESt4lessImESaIS4_EE13_Rb_tree_implIS8_Lb1EEC2Ev
FNDA:36,_ZNSt8_Rb_treeImSt4pairIKmN8bookshop4BookEESt10_Select1stIS4_ESt4lessImESaIS4_EE13_Rb_tree_implIS8_Lb1EEC2Ev
FN:667,_ZNSt8_Rb_treeImSt4pairIKmN8bookshop5OrderEESt10_Select1stIS4_ESt4lessImESaIS4_EE13_Rb_tree_implIS8_Lb1EEC2Ev
FNDA:36,_ZNSt8_Rb_treeImSt4pairIKmN8bookshop5OrderEESt10_Select1stIS4_ESt4lessImESaIS4_EE13_Rb_tree_implIS8_Lb1EEC2Ev
FN:667,_ZNSt8_Rb_treeImSt4pairIKmmESt10_Select1stIS2_ESt4lessImESaIS2_EE13_Rb_tree_implIS6_Lb1EEC2Ev
FNDA:0,_ZNSt8_Rb_treeImSt4pairIKmmESt10_Select1stIS2_ESt4lessImESaIS2_EE13_Rb_tree_implIS6_Lb1EEC2Ev
FN:674,_ZNSt8_Rb_treeImSt4pairIKmmESt10_Select1stIS2_ESt4lessImESaIS2_EE13_Rb_tree_implIS6_Lb1EEC2ERKSA_
FNDA:0,_ZNSt8_Rb_treeImSt4pairIKmmESt10_Select1stIS2_ESt4lessImESaIS2_EE13_Rb_tree_implIS6_Lb1EEC2ERKSA_
FN:710,_ZNSt8_Rb_treeImSt4pairIKmmESt10_Select1stIS2_ESt4lessImESaIS2_EE7_M_rootEv
FNDA:0,_ZNSt8_Rb_treeImSt4pairIKmmESt10_Select1stIS2_ESt4lessImESaIS2_EE7_M_rootEv
FN:714,_ZNKSt8_Rb_treeImSt4pairIKmmESt10_Select1stIS2_ESt4lessImESaIS2_EE7_M_rootEv
FNDA:0,_ZNKSt8_Rb_treeImSt4pairIKmmESt10_Select1stIS2_ESt4lessImESaIS2_EE7_M_rootEv
FN:718,_ZNSt8_Rb_treeImSt4pairIKmN8bookshop5OrderEESt10_Select1stIS4_ESt4lessImESaIS4_EE11_M_leftmostEv
FNDA:0,_ZNSt8_Rb_treeImSt4pairIKmN8bookshop5OrderEESt10_Select1stIS4_ESt4lessImESaIS4_EE11_M_leftmostEv
FN:718,_ZNSt8_Rb_treeIN8bookshop4BookESt4pairIKS1_mESt10_Select1stIS4_ESt4lessIS1_ESaIS4_EE11_M_leftmostEv
FNDA:0,_ZNSt8_Rb_treeIN8bookshop4BookESt4pairIKS1_mESt10_Select1stIS4_ESt4lessIS1_ESaIS4_EE11_M_leftmostEv
FN:718,_ZNSt8_Rb_treeImSt4pairIKmN8bookshop4BookEESt10_Select1stIS4_ESt4lessImESaIS4_EE11_M_leftmostEv
FNDA:0,_ZNSt8_Rb_treeImSt4pairIKmN8bookshop4BookEESt10_Select1stIS4_ESt4lessImESaIS4_EE11_M_leftmostEv
FN:718,_ZNSt8_Rb_treeImSt4pairIKmmESt10_Select1stIS2_ESt4lessImESaIS2_EE11_M_leftmostEv
FNDA:0,_ZNSt8_Rb_treeImSt4pairIKmmESt10_Select1stIS2_ESt4lessImESaIS2_EE11_M_leftmostEv
FN:726,_ZNSt8_Rb_treeImSt4pairIKmN8bookshop4BookEESt10_Select1stIS4_ESt4lessImESaIS4_EE12_M_rightmostEv
FNDA:38,_ZNSt8_Rb_treeImSt4pairIKmN8bookshop4BookEESt10_Select1stIS4_ESt4lessImESaIS4_EE12_M_rightmostEv
FN:726,_ZNSt8_Rb_treeImSt4pairIKmmESt10_Select1stIS2_ESt4lessImESaIS2_EE12_M_rightmostEv
FNDA:0,_ZNSt8_Rb_treeImSt4pairIKmmESt10_Select1stIS2_ESt4lessImESaIS2_EE12_M_rightmostEv
FN:726,_ZNSt8_Rb_treeImSt4pairIKmN8bookshop5OrderEESt10_Select1stIS4_ESt4lessImESaIS4_EE12_M_rightmostEv
FNDA:2,_ZNSt8_Rb_treeImSt4pairIKmN8bookshop5OrderEESt10_Select1stIS4_ESt4lessImESaIS4_EE12_M_rightmostEv
FN:726,_ZNSt8_Rb_treeIN8bookshop4BookESt4pairIKS1_mESt10_Select1stIS4_ESt4lessIS1_ESaIS4_EE12_M_rightmostEv
FNDA:38,_ZNSt8_Rb_treeIN8bookshop4BookESt4pairIKS1_mESt10_Select1stIS4_ESt4lessIS1_ESaIS4_EE12_M_rightmostEv
FN:734,_ZNKSt8_Rb_treeImSt4pairIKmN8bookshop5OrderEESt10_Select1stIS4_ESt4lessImESaIS4_EE9_M_mbeginEv
FNDA:0,_ZNKSt8_Rb_treeImSt4pairIKmN8bookshop5OrderEESt10_Select1stIS4_ESt4lessImESaIS4_EE9_M_mbeginEv
FN:734,_ZNKSt8_Rb_treeImSt4pairIKmN8bookshop4BookEESt10_Select1stIS4_ESt4lessImESaIS4_EE9_M_mbeginEv
FNDA:0,_ZNKSt8_Rb_treeImSt4pairIKmN8bookshop4BookEESt10_Select1stIS4_ESt4lessImESaIS4_EE9_M_mbeginEv
FN:734,_ZNKSt8_Rb_treeImSt4pairIKmmESt10_Select1stIS2_ESt4lessImESaIS2_EE9_M_mbeginEv
FNDA:0,_ZNKSt8_Rb_treeImSt4pairIKmmESt10_Select1stIS2_ESt4lessImESaIS2_EE9_M_mbeginEv
FN:734,_ZNKSt8_Rb_treeIN8bookshop4BookESt4pairIKS1_mESt10_Select1stIS4_ESt4lessIS1_ESaIS4_EE9_M_mbeginEv
FNDA:0,_ZNKSt8_Rb_treeIN8bookshop4BookESt4pairIKS1_mESt10_Select1stIS4_ESt4lessIS1_ESaIS4_EE9_M_mbeginEv
FN:738,_ZNSt8_Rb_treeImSt4pairIKmN8bookshop5OrderEESt10_Select1stIS4_ESt4lessImESaIS4_EE8_M_beginEv
FNDA:0,_ZNSt8_Rb_treeImSt4pairIKmN8bookshop5OrderEESt10_Select1stIS4_ESt4lessImESaIS4_EE8_M_beginEv
FN:738,_ZNSt8_Rb_treeIN8bookshop4BookESt4pairIKS1_mESt10_Select1stIS4_ESt4lessIS1_ESaIS4_EE8_M_beginEv
FNDA:0,_ZNSt8_Rb_treeIN8bookshop4BookESt4pairIKS1_mESt10_Select1stIS4_ESt4lessIS1_ESaIS4_EE8_M_beginEv
FN:738,_ZNSt8_Rb_treeImSt4pairIKmmESt10_Select1stIS2_ESt4lessImESaIS2_EE8_M_beginEv
FNDA:0,_ZNSt8_Rb_treeImSt4pairIKmmESt10_Select1stIS2_ESt4lessImESaIS2_EE8_M_beginEv
FN:738,_ZNSt8_Rb_treeImSt4pairIKmN8bookshop4BookEESt10_Select1stIS4_ESt4lessImESaIS4_EE8_M_beginEv
FNDA:0,_ZNSt8_Rb_treeImSt4pairIKmN8bookshop4BookEESt10_Select1stIS4_ESt4lessImESaIS4_EE8_M_beginEv
FN:749,_ZNSt8_Rb_treeImSt4pairIKmmESt10_Select1stIS2_ESt4lessImESaIS2_EE6_M_endEv
FNDA:0,_ZNSt8_Rb_treeImSt4pairIKmmESt10_Select1stIS2_ESt4lessImESaIS2_EE6_M_endEv
FN:749,_ZNSt8_Rb_treeImSt4pairIKmN8bookshop4BookEESt10_Select1stIS4_ESt4lessImESaIS4_EE6_M_endEv
FNDA:240,_ZNSt8_Rb_treeImSt4pairIKmN8bookshop4BookEESt10_Select1stIS4_ESt4lessImESaIS4_EE6_M_endEv
FN:749,_ZNSt8_Rb_treeIN8bookshop4BookESt4pairIKS1_mESt10_Select1stIS4_ESt4lessIS1_ESaIS4_EE6_M_endEv
FNDA:200,_ZNSt8_Rb_treeIN8bookshop4BookESt4pairIKS1_mESt10_Select1stIS4_ESt4lessIS1_ESaIS4_EE6_M_endEv
FN:749,_ZNSt8_Rb_treeImSt4pairIKmN8bookshop5OrderEESt10_Select1stIS4_ESt4lessImESaIS4_EE6_M_endEv
FNDA:326,_ZNSt8_Rb_treeImSt4pairIKmN8bookshop5OrderEESt10_Select1stIS4_ESt4lessImESaIS4_EE6_M_endEv
FN:757,_ZNSt8_Rb_treeImSt4pairIKmN8bookshop5OrderEESt10_Select1stIS4_ESt4lessImESaIS4_EE6_S_keyEPKSt13_Rb_tree_nodeIS4_E
FNDA:341,_ZNSt8_Rb_treeImSt4pairIKmN8bookshop5OrderEESt10_Select1stIS4_ESt4lessImESaIS4_EE6_S_keyEPKSt13_Rb_tree_nodeIS4_E
FN:757,_ZNSt8_Rb_treeImSt4pairIKmN8bookshop4BookEESt10_Select1stIS4_ESt4lessImESaIS4_EE6_S_keyEPKSt13_Rb_tree_nodeIS4_E
FNDA:283,_ZNSt8_Rb_treeImSt4pairIKmN8bookshop4BookEESt10_Select1stIS4_ESt4lessImESaIS4_EE6_S_keyEPKSt13_Rb_tree_nodeIS4_E
FN:757,_ZNSt8_Rb_treeImSt4pairIKmmESt10_Select1stIS2_ESt4lessImESaIS2_EE6_S_keyEPKSt13_Rb_tree_nodeIS2_E
FNDA:0,_ZNSt8_Rb_treeImSt4pairIKmmESt10_Select1stIS2_ESt4lessImESaIS2_EE6_S_keyEPKSt13_Rb_tree_nodeIS2_E
FN:757,_ZNSt8_Rb_treeIN8bookshop4BookESt4pairIKS1_mESt10_Select1stIS4_ESt4lessIS1_ESaIS4_EE6_S_keyEPKSt13_Rb_tree_nodeIS4_E
FNDA:218,_ZNSt8_Rb_treeIN8bookshop4BookESt4pairIKS1_mESt10_Select1stIS4_ESt4lessIS1_ESaIS4_EE6_S_keyEPKSt13_Rb_tree_nodeIS4_E
FN:779,_ZNSt8_Rb_treeImSt4pairIKmmESt10_Select1stIS2_ESt4lessImESaIS2_EE7_S_leftEPSt18_Rb_tree_node_base
FNDA:0,_ZNSt8_Rb_treeImSt4pairIKmmESt10_Select1stIS2_ESt4lessImESaIS2_EE7_S_leftEPSt18_Rb_tree_node_base
FN:779,_ZNSt8_Rb_treeImSt4pairIKmN8bookshop5OrderEESt10_Select1stIS4_ESt4lessImESaIS4_EE7_S_leftEPSt18_Rb_tree_node_base
FNDA:0,_ZNSt8_Rb_treeImSt4pairIKmN8bookshop5OrderEESt10_Select1stIS4_ESt4lessImESaIS4_EE7_S_leftEPSt18_Rb_tree_node_base
FN:779,_ZNSt8_Rb_treeImSt4pairIKmN8bookshop4BookEESt10_Select1stIS4_ESt4lessImESaIS4_EE7_S_leftEPSt18_Rb_tree_node_base
FNDA:0,_ZNSt8_Rb_treeImSt4pairIKmN8bookshop4BookEESt10_Select1stIS4_ESt4lessImESaIS4_EE7_S_leftEPSt18_Rb_tree_node_base
FN:779,_ZNSt8_Rb_treeIN8bookshop4BookESt4pairIKS1_mESt10_Select1stIS4_ESt4lessIS1_ESaIS4_EE7_S_leftEPSt18_Rb_tree_node_base
FNDA:0,_ZNSt8_Rb_treeIN8bookshop4BookESt4pairIKS1_mESt10_Select1stIS4_ESt4lessIS1_ESaIS4_EE7_S_leftEPSt18_Rb_tree_node_base
FN:787,_ZNSt8_Rb_treeImSt4pairIKmN8bookshop5OrderEESt10_Select1stIS4_ESt4lessImESaIS4_EE8_S_rightEPSt18_Rb_tree_node_base
FNDA:0,_ZNSt8_Rb_treeImSt4pairIKmN8bookshop5OrderEESt10_Select1stIS4_ESt4lessImESaIS4_EE8_S_rightEPSt18_Rb_tree_node_base
FN:787,_ZNSt8_Rb_treeIN8bookshop4BookESt4pairIKS1_mESt10_Select1stIS4_ESt4lessIS1_ESaIS4_EE8_S_rightEPSt18_Rb_tree_node_base
FNDA:0,_ZNSt8_Rb_treeIN8bookshop4BookESt4pairIKS1_mESt10_Select1stIS4_ESt4lessIS1_ESaIS4_EE8_S_rightEPSt18_Rb_tree_node_base
FN:787,_ZNSt8_Rb_treeImSt4pairIKmmESt10_Select1stIS2_ESt4lessImESaIS2_EE8_S_rightEPSt18_Rb_tree_node_base
FNDA:0,_ZNSt8_Rb_treeImSt4pairIKmmESt10_Select1stIS2_ESt4lessImESaIS2_EE8_S_rightEPSt18_Rb_tree_node_base
FN:787,_ZNSt8_Rb_treeImSt4pairIKmN8bookshop4BookEESt10_Select1stIS4_ESt4lessImESaIS4_EE8_S_rightEPSt18_Rb_tree_node_base
FNDA:0,_ZNSt8_Rb_treeImSt4pairIKmN8bookshop4BookEESt10_Select1stIS4_ESt4lessImESaIS4_EE8_S_rightEPSt18_Rb_tree_node_base
FN:795,_ZNSt8_Rb_treeImSt4pairIKmN8bookshop5OrderEESt10_Select1stIS4_ESt4lessImESaIS4_EE6_S_keyEPKSt18_Rb_tree_node_base
FNDA:83,_ZNSt8_Rb_treeImSt4pairIKmN8bookshop5OrderEESt10_Select1stIS4_ESt4lessImESaIS4_EE6_S_keyEPKSt18_Rb_tree_node_base
FN:795,_ZNSt8_Rb_treeIN8bookshop4BookESt4pairIKS1_mESt10_Select1stIS4_ESt4lessIS1_ESaIS4_EE6_S_keyEPKSt18_Rb_tree_node_base
FNDA:38,_ZNSt8_Rb_treeIN8bookshop4BookESt4pairIKS1_mESt10_Select1stIS4_ESt4lessIS1_ESaIS4_EE6_S_keyEPKSt18_Rb_tree_node_base
FN:795,_ZNSt8_Rb_treeImSt4pairIKmN8bookshop4BookEESt10_Select1stIS4_ESt4lessImESaIS4_EE6_S_keyEPKSt18_Rb_tree_node_base
FNDA:64,_ZNSt8_Rb_treeImSt4pairIKmN8bookshop4BookEESt10_Select1stIS4_ESt4lessImESaIS4_EE6_S_keyEPKSt18_Rb_tree_node_base
FN:795,_ZNSt8_Rb_treeImSt4pairIKmmESt10_Select1stIS2_ESt4lessImESaIS2_EE6_S_keyEPKSt18_Rb_tree_node_base
FNDA:0,_ZNSt8_Rb_treeImSt4pairIKmmESt10_Select1stIS2_ESt4lessImESaIS2_EE6_S_keyEPKSt18_Rb_tree_node_base
FN:799,_ZNSt8_Rb_treeImSt4pairIKmmESt10_Select1stIS2_ESt4lessImESaIS2_EE10_S_minimumEPSt18_Rb_tree_node_base
FNDA:0,_ZNSt8_Rb_treeImSt4pairIKmmESt10_Select1stIS2_ESt4lessImESaIS2_EE10_S_minimumEPSt18_Rb_tree_node_base
FN:807,_ZNSt8_Rb_treeImSt4pairIKmmESt10_Select1stIS2_ESt4lessImESaIS2_EE10_S_maximumEPSt18_Rb_tree_node_base
FNDA:0,_ZNSt8_Rb_treeImSt4pairIKmmESt10_Select1stIS2_ESt4lessImESaIS2_EE10_S_maximumEPSt18_Rb_tree_node_base
FN:887,_ZNSt8_Rb_treeImSt4pairIKmmESt10_Select1stIS2_ESt4lessImESaIS2_EE7_M_copyILb0ENS8_11_Alloc_nodeEEEPSt13_Rb_tree_nodeIS2_ERKS8_RT0_
FNDA:0,_ZNSt8_Rb_treeImSt4pairIKmmESt10_Select1stIS2_ESt4lessImESaIS2_EE7_M_copyILb0ENS8_11_Alloc_nodeEEEPSt13_Rb_tree_nodeIS2_ERKS8_RT0_
FN:887,_ZNSt8_Rb_treeImSt4pairIKmmESt10_Select1stIS2_ESt4lessImESaIS2_EE7_M_copyILb0ENS8_20_Reuse_or_alloc_nodeEEEPSt13_Rb_tree_nodeIS2_ERKS8_RT0_
FNDA:71,_ZNSt8_Rb_treeImSt4pairIKmmESt10_Select1stIS2_ESt4lessImESaIS2_EE7_M_copyILb0ENS8_20_Reuse_or_alloc_nodeEEEPSt13_Rb_tree_nodeIS2_ERKS8_RT0_
FN:898,_ZNSt8_Rb_treeImSt4pairIKmmESt10_Select1stIS2_ESt4lessImESaIS2_EE7_M_copyERKS8_
FNDA:0,_ZNSt8_Rb_treeImSt4pairIKmmESt10_Select1stIS2_ESt4lessImESaIS2_EE7_M_copyERKS8_
FN:928,_ZNSt8_Rb_treeImSt4pairIKmmESt10_Select1stIS2_ESt4lessImESaIS2_EEC2Ev
FNDA:0,_ZNSt8_Rb_treeImSt4pairIKmmESt10_Select1stIS2_ESt4lessImESaIS2_EEC2Ev
FN:928,_ZNSt8_Rb_treeImSt4pairIKmN8bookshop4BookEESt10_Select1stIS4_ESt4lessImESaIS4_EEC2Ev
FNDA:36,_ZNSt8_Rb_treeImSt4pairIKmN8bookshop4BookEESt10_Select1stIS4_ESt4lessImESaIS4_EEC2Ev
FN:928,_ZNSt8_Rb_treeIN8bookshop4BookESt4pairIKS1_mESt10_Select1stIS4_ESt4lessIS1_ESaIS4_EEC2Ev
FNDA:36,_ZNSt8_Rb_treeIN8bookshop4BookESt4pairIKS1_mESt10_Select1stIS4_ESt4lessIS1_ESaIS4_EEC2Ev
FN:928,_ZNSt8_Rb_treeImSt4pairIKmN8bookshop5OrderEESt10_Select1stIS4_ESt4lessImESaIS4_EEC2Ev
FNDA:36,_ZNSt8_Rb_treeImSt4pairIKmN8bookshop5OrderEESt10_Select1stIS4_ESt4lessImESaIS4_EEC2Ev
FN:935,_ZNSt8_Rb_treeImSt4pairIKmmESt10_Select1stIS2_ESt4lessImESaIS2_EEC2ERKS8_
FNDA:0,_ZNSt8_Rb_treeImSt4pairIKmmESt10_Select1stIS2_ESt4lessImESaIS2_EEC2ERKS8_
FN:983,_ZNSt8_Rb_treeImSt4pairIKmmESt10_Select1stIS2_ESt4lessImESaIS2_EED2Ev
FNDA:0,_ZNSt8_Rb_treeImSt4pairIKmmESt10_Select1stIS2_ESt4lessImESaIS2_EED2Ev
FN:991,_ZNKSt8_Rb_treeImSt4pairIKmmESt10_Select1stIS2_ESt4lessImESaIS2_EE8key_compEv
FNDA:0,_ZNKSt8_Rb_treeImSt4pairIKmmESt10_Select1stIS2_ESt4lessImESaIS2_EE8key_compEv
FN:991,_ZNKSt8_Rb_treeImSt4pairIKmN8bookshop5OrderEESt10_Select1stIS4_ESt4lessImESaIS4_EE8key_compEv
FNDA:142,_ZNKSt8_Rb_treeImSt4pairIKmN8bookshop5OrderEESt10_Select1stIS4_ESt4lessImESaIS4_EE8key_compEv
FN:991,_ZNKSt8_Rb_treeIN8bookshop4BookESt4pairIKS1_mESt10_Select1stIS4_ESt4lessIS1_ESaIS4_EE8key_compEv
FNDA:31,_ZNKSt8_Rb_treeIN8bookshop4BookESt4pairIKS1_mESt10_Select1stIS4_ESt4lessIS1_ESaIS4_EE8key_compEv
FN:991,_ZNKSt8_Rb_treeImSt4pairIKmN8bookshop4BookEESt10_Select1stIS4_ESt4lessImESaIS4_EE8key_compEv
FNDA:43,_ZNKSt8_Rb_treeImSt4pairIKmN8bookshop4BookEESt10_Select1stIS4_ESt4lessImESaIS4_EE8key_compEv
FN:995,_ZNSt8_Rb_treeImSt4pairIKmmESt10_Select1stIS2_ESt4lessImESaIS2_EE5beginEv
FNDA:0,_ZNSt8_Rb_treeImSt4pairIKmmESt10_Select1stIS2_ESt4lessImESaIS2_EE5beginEv
FN:995,_ZNSt8_Rb_treeImSt4pairIKmN8bookshop5OrderEESt10_Select1stIS4_ESt4lessImESaIS4_EE5beginEv
FNDA:22,_ZNSt8_Rb_treeImSt4pairIKmN8bookshop5OrderEESt10_Select1stIS4_ESt4lessImESaIS4_EE5beginEv
FN:995,_ZNSt8_Rb_treeIN8bookshop4BookESt4pairIKS1_mESt10_Select1stIS4_ESt4lessIS1_ESaIS4_EE5beginEv
FNDA:53,_ZNSt8_Rb_treeIN8bookshop4BookESt4pairIKS1_mESt10_Select1stIS4_ESt4lessIS1_ESaIS4_EE5beginEv
FN:995,_ZNSt8_Rb_treeImSt4pairIKmN8bookshop4BookEESt10_Select1stIS4_ESt4lessImESaIS4_EE5beginEv
FNDA:28,_ZNSt8_Rb_treeImSt4pairIKmN8bookshop4BookEESt10_Select1stIS4_ESt4lessImESaIS4_EE5beginEv
FN:1003,_ZNSt8_Rb_treeImSt4pairIKmmESt10_Select1stIS2_ESt4lessImESaIS2_EE3endEv
FNDA:0,_ZNSt8_Rb_treeImSt4pairIKmmESt10_Select1stIS2_ESt4lessImESaIS2_EE3endEv
FN:1003,_ZNSt8_Rb_treeIN8bookshop4BookESt4pairIKS1_mESt10_Select1stIS4_ESt4lessIS1_ESaIS4_EE3endEv
FNDA:103,_ZNSt8_Rb_treeIN8bookshop4BookESt4pairIKS1_mESt10_Select1stIS4_ESt4lessIS1_ESaIS4_EE3endEv
FN:1003,_ZNSt8_Rb_treeImSt4pairIKmN8bookshop5OrderEESt10_Select1stIS4_ESt4lessImESaIS4_EE3endEv
FNDA:369,_ZNSt8_Rb_treeImSt4pairIKmN8bookshop5OrderEESt10_Select1stIS4_ESt4lessImESaIS4_EE3endEv
FN:1003,_ZNSt8_Rb_treeImSt4pairIKmN8bookshop4BookEESt10_Select1stIS4_ESt4lessImESaIS4_EE3endEv
FNDA:148,_ZNSt8_Rb_treeImSt4pairIKmN8bookshop4BookEESt10_Select1stIS4_ESt4lessImESaIS4_EE3endEv
FN:1031,_ZNKSt8_Rb_treeIN8bookshop4BookESt4pairIKS1_mESt10_Select1stIS4_ESt4lessIS1_ESaIS4_EE4sizeEv
FNDA:47,_ZNKSt8_Rb_treeIN8bookshop4BookESt4pairIKS1_mESt10_Select1stIS4_ESt4lessIS1_ESaIS4_EE4sizeEv
FN:1031,_ZNKSt8_Rb_treeImSt4pairIKmN8bookshop4BookEESt10_Select1stIS4_ESt4lessImESaIS4_EE4sizeEv
FNDA:47,_ZNKSt8_Rb_treeImSt4pairIKmN8bookshop4BookEESt10_Select1stIS4_ESt4lessImESaIS4_EE4sizeEv
FN:1031,_ZNKSt8_Rb_treeImSt4pairIKmmESt10_Select1stIS2_ESt4lessImESaIS2_EE4sizeEv
FNDA:0,_ZNKSt8_Rb_treeImSt4pairIKmmESt10_Select1stIS2_ESt4lessImESaIS2_EE4sizeEv
FN:1031,_ZNKSt8_Rb_treeImSt4pairIKmN8bookshop5OrderEESt10_Select1stIS4_ESt4lessImESaIS4_EE4sizeEv
FNDA:23,_ZNKSt8_Rb_treeImSt4pairIKmN8bookshop5OrderEESt10_Select1stIS4_ESt4lessImESaIS4_EE4sizeEv
FN:1252,_ZNSt8_Rb_treeImSt4pairIKmmESt10_Select1stIS2_ESt4lessImESaIS2_EE5clearEv
FNDA:0,_ZNSt8_Rb_treeImSt4pairIKmmESt10_Select1stIS2_ESt4lessImESaIS2_EE5clearEv
FN:1269,_ZNSt8_Rb_treeImSt4pairIKmN8bookshop4BookEESt10_Select1stIS4_ESt4lessImESaIS4_EE11lower_boundERS1_
FNDA:90,_ZNSt8_Rb_treeImSt4pairIKmN8bookshop4BookEESt10_Select1stIS4_ESt4lessImESaIS4_EE11lower_boundERS1_
FN:1269,_ZNSt8_Rb_treeIN8bookshop4BookESt4pairIKS1_mESt10_Select1stIS4_ESt4lessIS1_ESaIS4_EE11lower_boundERS3_
FNDA:78,_ZNSt8_Rb_treeIN8bookshop4BookESt4pairIKS1_mESt10_Select1stIS4_ESt4lessIS1_ESaIS4_EE11lower_boundERS3_
FN:1269,_ZNSt8_Rb_treeImSt4pairIKmmESt10_Select1stIS2_ESt4lessImESaIS2_EE11lower_boundERS1_
FNDA:0,_ZNSt8_Rb_treeImSt4pairIKmmESt10_Select1stIS2_ESt4lessImESaIS2_EE11lower_boundERS1_
FN:1269,_ZNSt8_Rb_treeImSt4pairIKmN8bookshop5OrderEESt10_Select1stIS4_ESt4lessImESaIS4_EE11lower_boundERS1_
FNDA:165,_ZNSt8_Rb_treeImSt4pairIKmN8bookshop5OrderEESt10_Select1stIS4_ESt4lessImESaIS4_EE11lower_boundERS1_
FN:1731,_ZNSt8_Rb_treeImSt4pairIKmmESt10_Select1stIS2_ESt4lessImESaIS2_EEaSERKS8_
FNDA:71,_ZNSt8_Rb_treeImSt4pairIKmmESt10_Select1stIS2_ESt4lessImESaIS2_EEaSERKS8_
FN:1845,_ZNSt8_Rb_treeImSt4pairIKmmESt10_Select1stIS2_ESt4lessImESaIS2_EE7_M_copyILb0ENS8_20_Reuse_or_alloc_nodeEEEPSt13_Rb_tree_nodeIS2_ESD_PSt18_Rb_tree_node_baseRT0_
FNDA:73,_ZNSt8_Rb_treeImSt4pairIKmmESt10_Select1stIS2_ESt4lessImESaIS2_EE7_M_copyILb0ENS8_20_Reuse_or_alloc_nodeEEEPSt13_Rb_tree_nodeIS2_ESD_PSt18_Rb_tree_node_baseRT0_
FN:1845,_ZNSt8_Rb_treeImSt4pairIKmmESt10_Select1stIS2_ESt4lessImESaIS2_EE7_M_copyILb0ENS8_11_Alloc_nodeEEEPSt13_Rb_tree_nodeIS2_ESD_PSt18_Rb_tree_node_baseRT0_
FNDA:0,_ZNSt8_Rb_treeImSt4pairIKmmESt10_Select1stIS2_ESt4lessImESaIS2_EE7_M_copyILb0ENS8_11_Alloc_nodeEEEPSt13_Rb_tree_nodeIS2_ESD_PSt18_Rb_tree_node_baseRT0_
FN:1883,_ZNSt8_Rb_treeImSt4pairIKmmESt10_Select1stIS2_ESt4lessImESaIS2_EE8_M_eraseEPSt13_Rb_tree_nodeIS2_E
FNDA:0,_ZNSt8_Rb_treeImSt4pairIKmmESt10_Select1stIS2_ESt4lessImESaIS2_EE8_M_eraseEPSt13_Rb_tree_nodeIS2_E
FN:1900,_ZNSt8_Rb_treeIN8bookshop4BookESt4pairIKS1_mESt10_Select1stIS4_ESt4lessIS1_ESaIS4_EE14_M_lower_boundEPSt13_Rb_tree_nodeIS4_EPSt18_Rb_tree_node_baseRS3_
FNDA:78,_ZNSt8_Rb_treeIN8bookshop4BookESt4pairIKS1_mESt10_Select1stIS4_ESt4lessIS1_ESaIS4_EE14_M_lower_boundEPSt13_Rb_tree_nodeIS4_EPSt18_Rb_tree_node_baseRS3_
FN:1900,_ZNSt8_Rb_treeImSt4pairIKmmESt10_Select1stIS2_ESt4lessImESaIS2_EE14_M_lower_boundEPSt13_Rb_tree_nodeIS2_EPSt18_Rb_tree_node_baseRS1_
FNDA:0,_ZNSt8_Rb_treeImSt4pairIKmmESt10_Select1stIS2_ESt4lessImESaIS2_EE14_M_lower_boundEPSt13_Rb_tree_nodeIS2_EPSt18_Rb_tree_node_baseRS1_
FN:1900,_ZNSt8_Rb_treeImSt4pairIKmN8bookshop5OrderEESt10_Select1stIS4_ESt4lessImESaIS4_EE14_M_lower_boundEPSt13_Rb_tree_nodeIS4_EPSt18_Rb_tree_node_baseRS1_
FNDA:258,_ZNSt8_Rb_treeImSt4pairIKmN8bookshop5OrderEESt10_Select1stIS4_ESt4lessImESaIS4_EE14_M_lower_boundEPSt13_Rb_tree_nodeIS4_EPSt18_Rb_tree_node_baseRS1_
FN:1900,_ZNSt8_Rb_treeImSt4pairIKmN8bookshop4BookEESt10_Select1stIS4_ESt4lessImESaIS4_EE14_M_lower_boundEPSt13_Rb_tree_nodeIS4_EPSt18_Rb_tree_node_baseRS1_
[...]
FN:48,_ZN42AddNewBookToShop_AddSeveralEqualBooks_TestD2Ev
FNDA:1,_ZN42AddNewBookToShop_AddSeveralEqualBooks_TestD2Ev
FN:60,_ZN46AddNewBookToShop_AddSeveralDifferentBooks_TestD0Ev
FNDA:1,_ZN46AddNewBookToShop_AddSeveralDifferentBooks_TestD0Ev
FN:60,_ZN46AddNewBookToShop_AddSeveralDifferentBooks_TestD2Ev
FNDA:1,_ZN46AddNewBookToShop_AddSeveralDifferentBooks_TestD2Ev
FN:60,_ZN46AddNewBookToShop_AddSeveralDifferentBooks_Test8TestBodyEv
FNDA:1,_ZN46AddNewBookToShop_AddSeveralDifferentBooks_Test8TestBodyEv
FN:60,_ZN46AddNewBookToShop_AddSeveralDifferentBooks_TestC2Ev
FNDA:1,_ZN46AddNewBookToShop_AddSeveralDifferentBooks_TestC2Ev
FN:75,_ZN39AddNewBookToShop_AddNotCreatedBook_Test8TestBodyEv
FNDA:1,_ZN39AddNewBookToShop_AddNotCreatedBook_Test8TestBodyEv
FN:75,_ZN39AddNewBookToShop_AddNotCreatedBook_TestC2Ev
FNDA:1,_ZN39AddNewBookToShop_AddNotCreatedBook_TestC2Ev
FN:75,_ZN39AddNewBookToShop_AddNotCreatedBook_TestD2Ev
FNDA:1,_ZN39AddNewBookToShop_AddNotCreatedBook_TestD2Ev
FN:75,_ZN39AddNewBookToShop_AddNotCreatedBook_TestD0Ev
FNDA:1,_ZN39AddNewBookToShop_AddNotCreatedBook_TestD0Ev
FN:85,_ZN28OrderBook_OrderDelivery_Test8TestBodyEv
FNDA:1,_ZN28OrderBook_OrderDelivery_Test8TestBodyEv
FN:85,_ZN28OrderBook_OrderDelivery_TestC2Ev
FNDA:1,_ZN28OrderBook_OrderDelivery_TestC2Ev
FN:85,_ZN28OrderBook_OrderDelivery_TestD2Ev
FNDA:1,_ZN28OrderBook_OrderDelivery_TestD2Ev
FN:85,_ZN28OrderBook_OrderDelivery_TestD0Ev
FNDA:1,_ZN28OrderBook_OrderDelivery_TestD0Ev
FN:114,_ZN33OrderBook_OrderTwoDeliveries_Test8TestBodyEv
FNDA:1,_ZN33OrderBook_OrderTwoDeliveries_Test8TestBodyEv
FN:114,_ZN33OrderBook_OrderTwoDeliveries_TestC2Ev
FNDA:1,_ZN33OrderBook_OrderTwoDeliveries_TestC2Ev
FN:114,_ZN33OrderBook_OrderTwoDeliveries_TestD2Ev
FNDA:1,_ZN33OrderBook_OrderTwoDeliveries_TestD2Ev
FN:114,_ZN33OrderBook_OrderTwoDeliveries_TestD0Ev
FNDA:1,_ZN33OrderBook_OrderTwoDeliveries_TestD0Ev
FN:151,_ZN47OrderBook_OrderDecreaseBooksCountInCatalog_TestC2Ev
FNDA:1,_ZN47OrderBook_OrderDecreaseBooksCountInCatalog_TestC2Ev
FN:151,_ZN47OrderBook_OrderDecreaseBooksCountInCatalog_TestD2Ev
FNDA:1,_ZN47OrderBook_OrderDecreaseBooksCountInCatalog_TestD2Ev
FN:151,_ZN47OrderBook_OrderDecreaseBooksCountInCatalog_TestD0Ev
FNDA:1,_ZN47OrderBook_OrderDecreaseBooksCountInCatalog_TestD0Ev
FN:151,_ZN47OrderBook_OrderDecreaseBooksCountInCatalog_Test8TestBodyEv
FNDA:1,_ZN47OrderBook_OrderDecreaseBooksCountInCatalog_Test8TestBodyEv
FN:170,_ZN36OrderBook_OrderMoreThanShopHave_TestD0Ev
FNDA:1,_ZN36OrderBook_OrderMoreThanShopHave_TestD0Ev
FN:170,_ZN36OrderBook_OrderMoreThanShopHave_TestD2Ev
FNDA:1,_ZN36OrderBook_OrderMoreThanShopHave_TestD2Ev
FN:170,_ZN36OrderBook_OrderMoreThanShopHave_Test8TestBodyEv
FNDA:1,_ZN36OrderBook_OrderMoreThanShopHave_Test8TestBodyEv
FN:170,_ZN36OrderBook_OrderMoreThanShopHave_TestC2Ev
FNDA:1,_ZN36OrderBook_OrderMoreThanShopHave_TestC2Ev
FN:195,_ZN43OrderBook_OrderOnlyBooksShopDoesntHave_TestC2Ev
FNDA:1,_ZN43OrderBook_OrderOnlyBooksShopDoesntHave_TestC2Ev
FN:195,_ZN43OrderBook_OrderOnlyBooksShopDoesntHave_TestD0Ev
FNDA:1,_ZN43OrderBook_OrderOnlyBooksShopDoesntHave_TestD0Ev
FN:195,_ZN43OrderBook_OrderOnlyBooksShopDoesntHave_TestD2Ev
FNDA:1,_ZN43OrderBook_OrderOnlyBooksShopDoesntHave_TestD2Ev
FN:195,_ZN43OrderBook_OrderOnlyBooksShopDoesntHave_Test8TestBodyEv
FNDA:1,_ZN43OrderBook_OrderOnlyBooksShopDoesntHave_Test8TestBodyEv
FN:213,_ZN33OrderBook_OrderWithEmptyCart_TestC2Ev
FNDA:1,_ZN33OrderBook_OrderWithEmptyCart_TestC2Ev
FN:213,_ZN33OrderBook_OrderWithEmptyCart_TestD2Ev
FNDA:1,_ZN33OrderBook_OrderWithEmptyCart_TestD2Ev
FN:213,_ZN33OrderBook_OrderWithEmptyCart_Test8TestBodyEv
FNDA:1,_ZN33OrderBook_OrderWithEmptyCart_Test8TestBodyEv
FN:213,_ZN33OrderBook_OrderWithEmptyCart_TestD0Ev
FNDA:1,_ZN33OrderBook_OrderWithEmptyCart_TestD0Ev
FN:231,_ZN37OrderBook_OrderButAllBooksRanOut_TestC2Ev
FNDA:1,_ZN37OrderBook_OrderButAllBooksRanOut_TestC2Ev
FN:231,_ZN37OrderBook_OrderButAllBooksRanOut_TestD2Ev
FNDA:1,_ZN37OrderBook_OrderButAllBooksRanOut_TestD2Ev
FN:231,_ZN37OrderBook_OrderButAllBooksRanOut_TestD0Ev
FNDA:1,_ZN37OrderBook_OrderButAllBooksRanOut_TestD0Ev
FN:231,_ZN37OrderBook_OrderButAllBooksRanOut_Test8TestBodyEv
FNDA:1,_ZN37OrderBook_OrderButAllBooksRanOut_Test8TestBodyEv
FN:256,_ZN36OrderBook_OrderCourierToThePast_TestD0Ev
FNDA:1,_ZN36OrderBook_OrderCourierToThePast_TestD0Ev
FN:256,_ZN36OrderBook_OrderCourierToThePast_TestD2Ev
FNDA:1,_ZN36OrderBook_OrderCourierToThePast_TestD2Ev
FN:256,_ZN36OrderBook_OrderCourierToThePast_Test8TestBodyEv
FNDA:1,_ZN36OrderBook_OrderCourierToThePast_Test8TestBodyEv
FN:256,_ZN36OrderBook_OrderCourierToThePast_TestC2Ev
FNDA:1,_ZN36OrderBook_OrderCourierToThePast_TestC2Ev
FN:275,_ZN38OrderBook_OrderCourierWithoutAddr_TestD2Ev
FNDA:1,_ZN38OrderBook_OrderCourierWithoutAddr_TestD2Ev
FN:275,_ZN38OrderBook_OrderCourierWithoutAddr_TestD0Ev
FNDA:1,_ZN38OrderBook_OrderCourierWithoutAddr_TestD0Ev
FN:275,_ZN38OrderBook_OrderCourierWithoutAddr_Test8TestBodyEv
FNDA:1,_ZN38OrderBook_OrderCourierWithoutAddr_Test8TestBodyEv
FN:275,_ZN38OrderBook_OrderCourierWithoutAddr_TestC2Ev
FNDA:1,_ZN38OrderBook_OrderCourierWithoutAddr_TestC2Ev
FN:294,_ZN39OrderBook_OrderBooksShopDoesntHave_TestD0Ev
FNDA:1,_ZN39OrderBook_OrderBooksShopDoesntHave_TestD0Ev
FN:294,_ZN39OrderBook_OrderBooksShopDoesntHave_TestD2Ev
FNDA:1,_ZN39OrderBook_OrderBooksShopDoesntHave_TestD2Ev
FN:294,_ZN39OrderBook_OrderBooksShopDoesntHave_Test8TestBodyEv
FNDA:1,_ZN39OrderBook_OrderBooksShopDoesntHave_Test8TestBodyEv
FN:294,_ZN39OrderBook_OrderBooksShopDoesntHave_TestC2Ev
FNDA:1,_ZN39OrderBook_OrderBooksShopDoesntHave_TestC2Ev
FN:321,_ZN40DeliverBook_FullCourierDeliveryPath_TestD2Ev
FNDA:1,_ZN40DeliverBook_FullCourierDeliveryPath_TestD2Ev
FN:321,_ZN40DeliverBook_FullCourierDeliveryPath_Test8TestBodyEv
FNDA:1,_ZN40DeliverBook_FullCourierDeliveryPath_Test8TestBodyEv
FN:321,_ZN40DeliverBook_FullCourierDeliveryPath_TestD0Ev
FNDA:1,_ZN40DeliverBook_FullCourierDeliveryPath_TestD0Ev
FN:321,_ZN40DeliverBook_FullCourierDeliveryPath_TestC2Ev
FNDA:1,_ZN40DeliverBook_FullCourierDeliveryPath_TestC2Ev
FN:353,_ZN37DeliverBook_FullSelfDeliveryPath_Test8TestBodyEv
FNDA:1,_ZN37DeliverBook_FullSelfDeliveryPath_Test8TestBodyEv
FN:353,_ZN37DeliverBook_FullSelfDeliveryPath_TestC2Ev
FNDA:1,_ZN37DeliverBook_FullSelfDeliveryPath_TestC2Ev
FN:353,_ZN37DeliverBook_FullSelfDeliveryPath_TestD0Ev
FNDA:1,_ZN37DeliverBook_FullSelfDeliveryPath_TestD0Ev
FN:353,_ZN37DeliverBook_FullSelfDeliveryPath_TestD2Ev
FNDA:1,_ZN37DeliverBook_FullSelfDeliveryPath_TestD2Ev
FN:381,_ZN39DeliverBook_TransferBeforeDelivery_TestD0Ev
FNDA:1,_ZN39DeliverBook_TransferBeforeDelivery_TestD0Ev
FN:381,_ZN39DeliverBook_TransferBeforeDelivery_TestD2Ev
FNDA:1,_ZN39DeliverBook_TransferBeforeDelivery_TestD2Ev
FN:381,_ZN39DeliverBook_TransferBeforeDelivery_TestC2Ev
FNDA:1,_ZN39DeliverBook_TransferBeforeDelivery_TestC2Ev
FN:381,_ZN39DeliverBook_TransferBeforeDelivery_Test8TestBodyEv
FNDA:1,_ZN39DeliverBook_TransferBeforeDelivery_Test8TestBodyEv
FN:401,_ZN37DeliverBook_DeliverAfterTransfer_Test8TestBodyEv
FNDA:1,_ZN37DeliverBook_DeliverAfterTransfer_Test8TestBodyEv
FN:401,_ZN37DeliverBook_DeliverAfterTransfer_TestC2Ev
FNDA:1,_ZN37DeliverBook_DeliverAfterTransfer_TestC2Ev
FN:401,_ZN37DeliverBook_DeliverAfterTransfer_TestD2Ev
FNDA:1,_ZN37DeliverBook_DeliverAfterTransfer_TestD2Ev
FN:401,_ZN37DeliverBook_DeliverAfterTransfer_TestD0Ev
FNDA:1,_ZN37DeliverBook_DeliverAfterTransfer_TestD0Ev
FN:422,_ZN40DeliverBook_StatusOfUnexistingOrder_TestD2Ev
FNDA:1,_ZN40DeliverBook_StatusOfUnexistingOrder_TestD2Ev
FN:422,_ZN40DeliverBook_StatusOfUnexistingOrder_Test8TestBodyEv
FNDA:1,_ZN40DeliverBook_StatusOfUnexistingOrder_Test8TestBodyEv
FN:422,_ZN40DeliverBook_StatusOfUnexistingOrder_TestD0Ev
FNDA:1,_ZN40DeliverBook_StatusOfUnexistingOrder_TestD0Ev
FN:422,_ZN40DeliverBook_StatusOfUnexistingOrder_TestC2Ev
FNDA:1,_ZN40DeliverBook_StatusOfUnexistingOrder_TestC2Ev
FN:429,_ZN38DeliverBook_InfoOfUnexistingOrder_TestD2Ev
FNDA:1,_ZN38DeliverBook_InfoOfUnexistingOrder_TestD2Ev
FN:429,_ZN38DeliverBook_InfoOfUnexistingOrder_TestD0Ev
FNDA:1,_ZN38DeliverBook_InfoOfUnexistingOrder_TestD0Ev
FN:429,_ZN38DeliverBook_InfoOfUnexistingOrder_Test8TestBodyEv
FNDA:1,_ZN38DeliverBook_InfoOfUnexistingOrder_Test8TestBodyEv
FN:429,_ZN38DeliverBook_InfoOfUnexistingOrder_TestC2Ev
FNDA:1,_ZN38DeliverBook_InfoOfUnexistingOrder_TestC2Ev
FN:436,_ZN41DeliverBook_DeliverUnexistingProject_Test8TestBodyEv
FNDA:1,_ZN41DeliverBook_DeliverUnexistingProject_Test8TestBodyEv
FN:436,_ZN41DeliverBook_DeliverUnexistingProject_TestC2Ev
FNDA:1,_ZN41DeliverBook_DeliverUnexistingProject_TestC2Ev
FN:436,_ZN41DeliverBook_DeliverUnexistingProject_TestD2Ev
FNDA:1,_ZN41DeliverBook_DeliverUnexistingProject_TestD2Ev
FN:436,_ZN41DeliverBook_DeliverUnexistingProject_TestD0Ev
FNDA:1,_ZN41DeliverBook_DeliverUnexistingProject_TestD0Ev
FN:444,_ZN42DeliverBook_TransferUnexistingProject_TestC2Ev
FNDA:1,_ZN42DeliverBook_TransferUnexistingProject_TestC2Ev
FN:444,_ZN42DeliverBook_TransferUnexistingProject_TestD2Ev
FNDA:1,_ZN42DeliverBook_TransferUnexistingProject_TestD2Ev
FN:444,_ZN42DeliverBook_TransferUnexistingProject_TestD0Ev
FNDA:1,_ZN42DeliverBook_TransferUnexistingProject_TestD0Ev
FN:444,_ZN42DeliverBook_TransferUnexistingProject_Test8TestBodyEv
FNDA:1,_ZN42DeliverBook_TransferUnexistingProject_Test8TestBodyEv
FN:453,_ZN32Refund_SelfRefundNormalWork_Test8TestBodyEv
FNDA:1,_ZN32Refund_SelfRefundNormalWork_Test8TestBodyEv
FN:453,_ZN32Refund_SelfRefundNormalWork_TestC2Ev
FNDA:1,_ZN32Refund_SelfRefundNormalWork_TestC2Ev
FN:453,_ZN32Refund_SelfRefundNormalWork_TestD2Ev
FNDA:1,_ZN32Refund_SelfRefundNormalWork_TestD2Ev
FN:453,_ZN32Refund_SelfRefundNormalWork_TestD0Ev
FNDA:1,_ZN32Refund_SelfRefundNormalWork_TestD0Ev
FN:480,_ZN35Refund_CourierRefundNormalWork_TestC2Ev
FNDA:1,_ZN35Refund_CourierRefundNormalWork_TestC2Ev
FN:480,_ZN35Refund_CourierRefundNormalWork_Test8TestBodyEv
FNDA:1,_ZN35Refund_CourierRefundNormalWork_Test8TestBodyEv
FN:480,_ZN35Refund_CourierRefundNormalWork_TestD2Ev
FNDA:1,_ZN35Refund_CourierRefundNormalWork_TestD2Ev
FN:480,_ZN35Refund_CourierRefundNormalWork_TestD0Ev
FNDA:1,_ZN35Refund_CourierRefundNormalWork_TestD0Ev
FN:508,_ZN39Refund_UndeliveredRefundNormalWork_TestC2Ev
FNDA:1,_ZN39Refund_UndeliveredRefundNormalWork_TestC2Ev
FN:508,_ZN39Refund_UndeliveredRefundNormalWork_TestD0Ev
FNDA:1,_ZN39Refund_UndeliveredRefundNormalWork_TestD0Ev
FN:508,_ZN39Refund_UndeliveredRefundNormalWork_TestD2Ev
FNDA:1,_ZN39Refund_UndeliveredRefundNormalWork_TestD2Ev
FN:508,_ZN39Refund_UndeliveredRefundNormalWork_Test8TestBodyEv
FNDA:1,_ZN39Refund_UndeliveredRefundNormalWork_Test8TestBodyEv
FN:529,_ZN52Refund_UndeliveredRefundNormalWorkAfterDelivery_Test8TestBodyEv
FNDA:1,_ZN52Refund_UndeliveredRefundNormalWorkAfterDelivery_Test8TestBodyEv
FN:529,_ZN52Refund_UndeliveredRefundNormalWorkAfterDelivery_TestC2Ev
FNDA:1,_ZN52Refund_UndeliveredRefundNormalWorkAfterDelivery_TestC2Ev
FN:529,_ZN52Refund_UndeliveredRefundNormalWorkAfterDelivery_TestD0Ev
FNDA:1,_ZN52Refund_UndeliveredRefundNormalWorkAfterDelivery_TestD0Ev
FN:529,_ZN52Refund_UndeliveredRefundNormalWorkAfterDelivery_TestD2Ev
FNDA:1,_ZN52Refund_UndeliveredRefundNormalWorkAfterDelivery_TestD2Ev
FN:551,_ZN45Refund_UndeliveredRefundToDeliveredOrder_TestC2Ev
FNDA:1,_ZN45Refund_UndeliveredRefundToDeliveredOrder_TestC2Ev
FN:551,_ZN45Refund_UndeliveredRefundToDeliveredOrder_TestD2Ev
FNDA:1,_ZN45Refund_UndeliveredRefundToDeliveredOrder_TestD2Ev
FN:551,_ZN45Refund_UndeliveredRefundToDeliveredOrder_Test8TestBodyEv
FNDA:1,_ZN45Refund_UndeliveredRefundToDeliveredOrder_Test8TestBodyEv
FN:551,_ZN45Refund_UndeliveredRefundToDeliveredOrder_TestD0Ev
FNDA:1,_ZN45Refund_UndeliveredRefundToDeliveredOrder_TestD0Ev
FN:570,_ZN37Refund_SelfRefundToUnpickedOrder_TestD2Ev
FNDA:1,_ZN37Refund_SelfRefundToUnpickedOrder_TestD2Ev
FN:570,_ZN37Refund_SelfRefundToUnpickedOrder_TestC2Ev
FNDA:1,_ZN37Refund_SelfRefundToUnpickedOrder_TestC2Ev
FN:570,_ZN37Refund_SelfRefundToUnpickedOrder_TestD0Ev
FNDA:1,_ZN37Refund_SelfRefundToUnpickedOrder_TestD0Ev
FN:570,_ZN37Refund_SelfRefundToUnpickedOrder_Test8TestBodyEv
FNDA:1,_ZN37Refund_SelfRefundToUnpickedOrder_Test8TestBodyEv
FN:588,_ZN40Refund_SelfRefundToUndeliveredOrder_Test8TestBodyEv
FNDA:1,_ZN40Refund_SelfRefundToUndeliveredOrder_Test8TestBodyEv
FN:588,_ZN40Refund_SelfRefundToUndeliveredOrder_TestC2Ev
FNDA:1,_ZN40Refund_SelfRefundToUndeliveredOrder_TestC2Ev
FN:588,_ZN40Refund_SelfRefundToUndeliveredOrder_TestD0Ev
FNDA:1,_ZN40Refund_SelfRefundToUndeliveredOrder_TestD0Ev
FN:588,_ZN40Refund_SelfRefundToUndeliveredOrder_TestD2Ev
FNDA:1,_ZN40Refund_SelfRefundToUndeliveredOrder_TestD2Ev
FN:606,_ZN40Refund_CourierRefundToUnpickedOrder_Test8TestBodyEv
FNDA:1,_ZN40Refund_CourierRefundToUnpickedOrder_Test8TestBodyEv
FN:606,_ZN40Refund_CourierRefundToUnpickedOrder_TestC2Ev
FNDA:1,_ZN40Refund_CourierRefundToUnpickedOrder_TestC2Ev
FN:606,_ZN40Refund_CourierRefundToUnpickedOrder_TestD0Ev
FNDA:1,_ZN40Refund_CourierRefundToUnpickedOrder_TestD0Ev
FN:606,_ZN40Refund_CourierRefundToUnpickedOrder_TestD2Ev
FNDA:1,_ZN40Refund_CourierRefundToUnpickedOrder_TestD2Ev
FN:624,_ZN43Refund_CourierRefundToUndeliveredOrder_TestD2Ev
FNDA:1,_ZN43Refund_CourierRefundToUndeliveredOrder_TestD2Ev
FN:624,_ZN43Refund_CourierRefundToUndeliveredOrder_TestC2Ev
FNDA:1,_ZN43Refund_CourierRefundToUndeliveredOrder_TestC2Ev
FN:624,_ZN43Refund_CourierRefundToUndeliveredOrder_TestD0Ev
FNDA:1,_ZN43Refund_CourierRefundToUndeliveredOrder_TestD0Ev
FN:624,_ZN43Refund_CourierRefundToUndeliveredOrder_Test8TestBodyEv
FNDA:1,_ZN43Refund_CourierRefundToUndeliveredOrder_Test8TestBodyEv
FN:642,_ZN50Refund_RefundInitiationToAlreadyRefundedOrder_TestD0Ev
FNDA:1,_ZN50Refund_RefundInitiationToAlreadyRefundedOrder_TestD0Ev
FN:642,_ZN50Refund_RefundInitiationToAlreadyRefundedOrder_TestD2Ev
FNDA:1,_ZN50Refund_RefundInitiationToAlreadyRefundedOrder_TestD2Ev
FN:642,_ZN50Refund_RefundInitiationToAlreadyRefundedOrder_Test8TestBodyEv
FNDA:1,_ZN50Refund_RefundInitiationToAlreadyRefundedOrder_Test8TestBodyEv
FN:642,_ZN50Refund_RefundInitiationToAlreadyRefundedOrder_TestC2Ev
FNDA:1,_ZN50Refund_RefundInitiationToAlreadyRefundedOrder_TestC2Ev
FN:668,_ZN34Refund_RefundNotExistingOrder_TestD0Ev
FNDA:1,_ZN34Refund_RefundNotExistingOrder_TestD0Ev
FN:668,_ZN34Refund_RefundNotExistingOrder_TestD2Ev
FNDA:1,_ZN34Refund_RefundNotExistingOrder_TestD2Ev
FN:668,_ZN34Refund_RefundNotExistingOrder_Test8TestBodyEv
FNDA:1,_ZN34Refund_RefundNotExistingOrder_Test8TestBodyEv
FN:668,_ZN34Refund_RefundNotExistingOrder_TestC2Ev
FNDA:1,_ZN34Refund_RefundNotExistingOrder_TestC2Ev
FN:689,_ZN32Refund_RefundIncorrectOrder_TestD0Ev
FNDA:1,_ZN32Refund_RefundIncorrectOrder_TestD0Ev
FN:689,_ZN32Refund_RefundIncorrectOrder_TestD2Ev
FNDA:1,_ZN32Refund_RefundIncorrectOrder_TestD2Ev
FN:689,_ZN32Refund_RefundIncorrectOrder_TestC2Ev
FNDA:1,_ZN32Refund_RefundIncorrectOrder_TestC2Ev
FN:689,_ZN32Refund_RefundIncorrectOrder_Test8TestBodyEv
FNDA:1,_ZN32Refund_RefundIncorrectOrder_Test8TestBodyEv
FN:710,main
FNDA:1,main
DA:5,50
DA:8,50
DA:10,50
DA:11,50
DA:12,50
DA:13,50
DA:14,50
DA:15,50
DA:17,100
DA:18,50
DA:20,1
DA:20,1
DA:20,1
DA:20,1
DA:22,1
DA:23,1
DA:24,1
DA:26,1
DA:26,1
DA:26,1
DA:26,1
DA:28,1
DA:29,1
DA:31,1
DA:32,1
DA:33,1
DA:34,1
DA:35,1
DA:36,1
DA:38,1
DA:38,1
DA:38,1
DA:38,1
DA:40,1
DA:41,1
DA:43,1
DA:44,1
DA:45,1
DA:46,1
DA:48,1
DA:48,1
DA:48,1
DA:48,1
DA:50,1
DA:51,1
DA:53,1
DA:54,1
DA:55,1
DA:56,1
DA:57,1
DA:58,1
DA:60,1
DA:60,1
DA:60,1
DA:60,1
DA:62,1
DA:64,21
DA:65,20
DA:66,20
DA:67,20
DA:69,1
DA:70,1
DA:71,21
DA:72,20
DA:73,1
DA:75,1
DA:75,1
DA:75,1
DA:75,1
DA:77,1
DA:78,1
DA:80,1
DA:81,1
DA:82,1
DA:83,1
DA:85,1
DA:85,1
DA:85,1
DA:85,1
DA:87,1
DA:88,1
DA:90,1
DA:91,1
DA:92,1
DA:94,1
DA:95,1
DA:96,2
DA:100,1
DA:103,1
DA:104,1
DA:105,1
DA:106,1
DA:107,1
DA:108,1
DA:109,1
DA:110,2
DA:111,2
DA:112,1
DA:114,1
DA:114,1
DA:114,1
DA:114,1
DA:115,1
DA:116,1
DA:118,1
DA:119,1
DA:120,1
DA:122,1
DA:123,1
DA:124,1
DA:126,1
DA:132,1
DA:138,1
DA:139,1
DA:141,1
DA:142,1
DA:144,1
DA:145,1
DA:147,1
DA:148,1
DA:149,1
DA:151,1
DA:151,1
DA:151,1
DA:151,1
DA:152,1
DA:153,1
DA:155,1
DA:156,1
DA:157,1
DA:159,1
DA:160,1
DA:161,1
DA:167,1
DA:168,1
DA:170,1
DA:170,1
DA:170,1
DA:170,1
DA:171,1
DA:172,1
DA:174,1
DA:175,1
DA:176,1
DA:178,1
DA:179,1
DA:180,1
DA:186,1
DA:188,1
DA:190,2
DA:191,2
DA:192,2
DA:193,1
DA:195,1
DA:195,1
DA:195,1
DA:195,1
DA:196,1
DA:197,1
DA:199,1
DA:200,1
DA:202,1
DA:203,1
DA:204,2
DA:208,1
DA:210,1
DA:211,1
DA:213,1
DA:213,1
DA:213,1
DA:213,1
DA:214,1
DA:215,1
DA:217,1
DA:218,1
DA:219,1
DA:221,1
DA:222,2
DA:226,1
DA:228,1
DA:229,1
DA:231,1
DA:231,1
DA:231,1
DA:231,1
DA:232,1
DA:233,1
DA:235,1
DA:236,1
DA:237,1
DA:239,1
DA:240,1
DA:241,1
DA:247,2
DA:251,1
DA:253,1
DA:254,1
DA:256,1
DA:256,1
DA:256,1
DA:256,1
DA:257,1
DA:258,1
DA:260,1
DA:261,1
DA:262,1
DA:264,1
DA:265,1
DA:266,2
DA:270,1
DA:272,1
DA:273,1
DA:275,1
DA:275,1
DA:275,1
DA:275,1
DA:276,1
DA:277,1
DA:279,1
DA:280,1
DA:281,1
DA:283,1
DA:284,1
DA:285,2
DA:289,1
DA:291,1
DA:292,1
DA:294,1
DA:294,1
DA:294,1
DA:294,1
DA:295,1
DA:296,1
DA:298,1
DA:299,1
DA:300,1
DA:302,1
DA:304,1
DA:305,1
DA:306,1
DA:307,1
DA:313,1
DA:315,2
DA:316,2
DA:317,1
DA:318,2
DA:319,1
DA:321,1
DA:321,1
DA:321,1
DA:321,1
DA:323,1
DA:324,1
DA:326,1
DA:327,1
DA:328,1
DA:330,1
DA:331,1
DA:332,1
DA:338,1
DA:340,1
DA:342,1
DA:344,1
DA:346,1
DA:348,1
DA:349,1
DA:350,1
DA:351,1
DA:353,1
DA:353,1
DA:353,1
DA:353,1
DA:355,1
DA:356,1
DA:357,1
DA:359,1
DA:360,1
DA:361,1
DA:366,1
DA:368,1
DA:370,1
DA:372,1
DA:374,1
DA:376,1
DA:377,1
DA:378,1
DA:379,1
DA:381,1
DA:381,1
DA:381,1
DA:381,1
DA:383,1
DA:384,1
DA:385,1
DA:387,1
DA:388,1
DA:389,1
DA:394,1
DA:396,1
DA:398,1
DA:399,1
DA:401,1
DA:401,1
DA:401,1
DA:401,1
DA:403,1
DA:404,1
DA:405,1
DA:407,1
DA:408,1
DA:409,1
DA:414,1
DA:416,1
DA:417,1
DA:418,1
DA:419,1
DA:420,1
DA:422,1
DA:422,1
DA:422,1
DA:422,1
DA:424,1
DA:426,1
DA:427,1
DA:429,1
DA:429,1
DA:429,1
DA:429,1
DA:431,1
DA:432,1
DA:433,1
DA:434,1
DA:436,1
DA:436,1
DA:436,1
DA:436,1
DA:438,1
DA:439,1
DA:440,1
DA:441,1
DA:442,1
DA:444,1
DA:444,1
DA:444,1
DA:444,1
DA:446,1
DA:447,1
DA:448,1
DA:449,1
DA:450,1
DA:451,1
DA:453,1
DA:453,1
DA:453,1
DA:453,1
DA:455,1
DA:456,1
DA:457,1
DA:459,1
DA:460,1
DA:461,1
DA:466,1
DA:467,1
DA:469,1
DA:470,1
DA:471,1
DA:472,1
DA:473,1
DA:474,1
DA:475,1
DA:476,1
DA:477,1
DA:478,1
DA:480,1
DA:480,1
DA:480,1
DA:480,1
DA:482,1
DA:483,1
DA:484,1
DA:486,1
DA:487,1
DA:488,1
DA:493,1
DA:494,1
DA:496,1
DA:497,1
DA:498,1
DA:499,2
DA:500,1
DA:501,1
DA:502,1
DA:503,1
DA:504,1
DA:505,1
DA:506,1
DA:508,1
DA:508,1
DA:508,1
DA:508,1
DA:510,1
DA:511,1
DA:512,1
DA:514,1
DA:515,1
DA:516,1
DA:521,1
DA:522,1
DA:523,1
DA:524,1
DA:525,1
DA:526,1
DA:527,1
DA:529,1
DA:529,1
DA:529,1
DA:529,1
DA:531,1
DA:532,1
DA:533,1
DA:535,1
DA:536,1
DA:537,1
DA:541,1
DA:543,1
DA:544,1
DA:545,1
DA:546,1
DA:547,1
DA:548,1
DA:549,1
DA:551,1
DA:551,1
DA:551,1
DA:551,1
DA:553,1
DA:554,1
DA:555,1
DA:557,1
DA:558,1
DA:559,1
DA:563,1
DA:564,1
DA:565,1
DA:566,1
DA:567,1
DA:568,1
DA:570,1
DA:570,1
DA:570,1
DA:570,1
DA:572,1
DA:573,1
DA:574,1
DA:576,1
DA:577,1
DA:578,1
DA:582,1
DA:583,1
DA:584,1
DA:585,1
DA:586,1
DA:588,1
DA:588,1
DA:588,1
DA:588,1
DA:590,1
DA:591,1
DA:592,1
DA:594,1
DA:595,1
DA:596,1
DA:599,1
DA:600,1
DA:601,1
DA:602,1
DA:603,1
DA:604,1
DA:606,1
DA:606,1
DA:606,1
DA:606,1
DA:608,1
DA:609,1
DA:610,1
DA:612,1
DA:613,1
DA:614,1
DA:618,1
DA:619,1
DA:620,1
DA:621,1
DA:622,1
DA:624,1
DA:624,1
DA:624,1
DA:624,1
DA:626,1
DA:627,1
DA:628,1
DA:630,1
DA:631,1
DA:632,1
DA:635,1
DA:636,1
DA:637,1
DA:638,1
DA:639,1
DA:640,1
DA:642,1
DA:642,1
DA:642,1
DA:642,1
DA:644,1
DA:645,1
DA:646,1
DA:648,1
DA:649,1
DA:650,1
DA:655,1
DA:656,1
DA:658,1
DA:659,1
DA:660,1
DA:661,1
DA:662,1
DA:663,1
DA:664,1
DA:665,1
DA:666,1
DA:668,1
DA:668,1
DA:668,1
DA:668,1
DA:670,1
DA:671,1
DA:672,1
DA:674,1
DA:675,1
DA:676,1
DA:680,1
DA:681,1
DA:682,1
DA:683,1
DA:684,1
DA:685,1
DA:686,1
DA:687,1
DA:689,1
DA:689,1
DA:689,1
DA:689,1
DA:691,1
DA:692,1
DA:693,1
DA:695,1
DA:696,1
DA:697,1
DA:701,1
DA:702,1
DA:703,1
DA:704,1
DA:705,1
DA:706,1
DA:707,1
DA:708,1
DA:710,1
DA:712,1
DA:713,1
end_of_record
